<?xml version="1.0" encoding="UTF-8"?>
<testsuite xmlns:xsi="http://www.w3.org/2001/XMLSchema-instance" xsi:noNamespaceSchemaLocation="https://maven.apache.org/surefire/maven-surefire-plugin/xsd/surefire-test-report-3.0.xsd" version="3.0" name="dev.hond0n.rogue.world.heuristic.genetic.SolutionTest" time="49.157" tests="1" errors="0" skipped="0" failures="0">
  <properties>
[...]
</properties>
  <testcase name="solve" classname="dev.hond0n.rogue.world.heuristic.genetic.SolutionTest" time="49.154">
    <system-out><![CDATA[Creating regions
done
MANGROVE area: 3600
Adding new region to list
MANGROVE created.
done
DESERT area: 2201
Adding new region to list
DESERT created.
done
DESERT area: 481
Adding new region to list
DESERT created.
done
DESERT area: 335
Adding new region to list
DESERT created.
done
DESERT area: 241
Adding new region to list
DESERT created.
done
DESERT area: 187
Adding new region to list
DESERT created.
done
DESERT area: 174
Adding new region to list
DESERT created.
done
DESERT area: 143
Adding new region to list
DESERT created.
done
DESERT area: 122
Adding new region to list
DESERT created.
done
DESERT area: 101
Adding new region to list
DESERT created.
done
DESERT area: 108
Adding new region to list
DESERT created.
done
DESERT area: 119
Adding new region to list
DESERT created.
done
DESERT area: 89
Adding new region to list
DESERT created.
done
DESERT area: 86
Adding new region to list
DESERT created.
done
DESERT area: 85
Adding new region to list
DESERT created.
done
DESERT area: 58
Adding new region to list
DESERT created.
done
DESERT area: 52
Adding new region to list
DESERT created.
done
DESERT area: 52
Adding new region to list
DESERT created.
done
DESERT area: 59
Adding new region to list
DESERT created.
done
DESERT area: 36
Adding new region to list
DESERT created.
done
DESERT area: 43
Adding new region to list
DESERT created.
done
DESERT area: 37
Adding new region to list
DESERT created.
done
DESERT area: 35
Adding new region to list
DESERT created.
done
DESERT area: 32
Adding new region to list
DESERT created.
done
DESERT area: 33
Adding new region to list
DESERT created.
done
DESERT area: 27
Adding new region to list
DESERT created.
done
DESERT area: 29
Adding new region to list
DESERT created.
done
DESERT area: 24
Adding new region to list
DESERT created.
done
DESERT area: 27
Adding new region to list
DESERT created.
done
DESERT area: 29
Adding new region to list
DESERT created.
done
DESERT area: 24
Adding new region to list
DESERT created.
done
DESERT area: 21
Adding new region to list
DESERT created.
done
DESERT area: 21
Adding new region to list
DESERT created.
done
DESERT area: 20
Adding new region to list
DESERT created.
done
DESERT area: 16
Adding new region to list
DESERT created.
done
DESERT area: 22
Adding new region to list
DESERT created.
done
DESERT area: 20
Adding new region to list
DESERT created.
done
DESERT area: 18
Adding new region to list
DESERT created.
done
DESERT area: 14
Adding new region to list
DESERT created.
done
DESERT area: 14
Adding new region to list
DESERT created.
done
DESERT area: 11
Adding new region to list
DESERT created.
done
DESERT area: 17
Adding new region to list
DESERT created.
done
DESERT area: 13
Adding new region to list
DESERT created.
done
DESERT area: 15
Adding new region to list
DESERT created.
done
DESERT area: 17
Adding new region to list
DESERT created.
done
DESERT area: 14
Adding new region to list
DESERT created.
done
DESERT area: 15
Adding new region to list
DESERT created.
done
DESERT area: 12
Adding new region to list
DESERT created.
done
DESERT area: 10
Adding new region to list
DESERT created.
done
DESERT area: 9
Adding new region to list
DESERT created.
done
DESERT area: 11
Adding new region to list
DESERT created.
done
DESERT area: 13
Adding new region to list
DESERT created.
done
DESERT area: 10
Adding new region to list
DESERT created.
done
DESERT area: 9
Adding new region to list
DESERT created.
done
DESERT area: 9
Adding new region to list
DESERT created.
done
DESERT area: 9
Adding new region to list
DESERT created.
done
DESERT area: 8
Adding new region to list
DESERT created.
done
DESERT area: 9
Adding new region to list
DESERT created.
done
DESERT area: 7
Adding new region to list
DESERT created.
done
DESERT area: 9
Adding new region to list
DESERT created.
done
DESERT area: 6
Adding new region to list
DESERT created.
done
DESERT area: 9
Adding new region to list
DESERT created.
done
DESERT area: 7
Adding new region to list
DESERT created.
done
DESERT area: 9
Adding new region to list
DESERT created.
done
DESERT area: 7
Adding new region to list
DESERT created.
done
DESERT area: 7
Adding new region to list
DESERT created.
done
DESERT area: 7
Adding new region to list
DESERT created.
done
DESERT area: 8
Adding new region to list
DESERT created.
done
DESERT area: 6
Adding new region to list
DESERT created.
done
DESERT area: 5
Adding new region to list
DESERT created.
done
DESERT area: 7
Adding new region to list
DESERT created.
done
DESERT area: 8
Adding new region to list
DESERT created.
done
DESERT area: 6
Adding new region to list
DESERT created.
done
DESERT area: 7
Adding new region to list
DESERT created.
done
DESERT area: 7
Adding new region to list
DESERT created.
done
DESERT area: 8
Adding new region to list
DESERT created.
done
DESERT area: 3
Adding new region to list
DESERT created.
done
DESERT area: 4
Adding new region to list
DESERT created.
done
DESERT area: 4
Adding new region to list
DESERT created.
done
DESERT area: 3
Adding new region to list
DESERT created.
done
DESERT area: 5
Adding new region to list
DESERT created.
done
DESERT area: 5
Adding new region to list
DESERT created.
done
DESERT area: 4
Adding new region to list
DESERT created.
done
DESERT area: 5
Adding new region to list
DESERT created.
done
DESERT area: 4
Adding new region to list
DESERT created.
done
DESERT area: 5
Adding new region to list
DESERT created.
done
DESERT area: 3
Adding new region to list
DESERT created.
done
DESERT area: 5
Adding new region to list
DESERT created.
done
DESERT area: 5
Adding new region to list
DESERT created.
done
DESERT area: 5
Adding new region to list
DESERT created.
done
DESERT area: 5
Adding new region to list
DESERT created.
done
DESERT area: 3
Adding new region to list
DESERT created.
done
DESERT area: 5
Adding new region to list
DESERT created.
done
DESERT area: 5
Adding new region to list
DESERT created.
done
DESERT area: 5
Adding new region to list
DESERT created.
done
DESERT area: 3
Adding new region to list
DESERT created.
done
DESERT area: 4
Adding new region to list
DESERT created.
done
DESERT area: 4
Adding new region to list
DESERT created.
done
DESERT area: 5
Adding new region to list
DESERT created.
done
DESERT area: 5
Adding new region to list
DESERT created.
done
DESERT area: 5
Adding new region to list
DESERT created.
done
DESERT area: 3
Adding new region to list
DESERT created.
done
DESERT area: 5
Adding new region to list
DESERT created.
done
DESERT area: 3
Adding new region to list
DESERT created.
done
DESERT area: 4
Adding new region to list
DESERT created.
done
DESERT area: 1
Adding new region to list
DESERT created.
done
DESERT area: 1
Adding new region to list
DESERT created.
done
DESERT area: 1
Adding new region to list
DESERT created.
done
DESERT area: 1
Adding new region to list
DESERT created.
done
DESERT area: 1
Adding new region to list
DESERT created.
done
DESERT area: 1
Adding new region to list
DESERT created.
done
DESERT area: 1
Adding new region to list
DESERT created.
done
DESERT area: 1
Adding new region to list
DESERT created.
done
DESERT area: 1
Adding new region to list
DESERT created.
done
DESERT area: 1
Adding new region to list
DESERT created.
done
DESERT area: 1
Adding new region to list
DESERT created.
done
DESERT area: 1
Adding new region to list
DESERT created.
done
DESERT area: 1
Adding new region to list
DESERT created.
done
DESERT area: 1
Adding new region to list
DESERT created.
done
DESERT area: 1
Adding new region to list
DESERT created.
done
DESERT area: 1
Adding new region to list
DESERT created.
done
DESERT area: 1
Adding new region to list
DESERT created.
done
DESERT area: 1
Adding new region to list
DESERT created.
done
DESERT area: 1
Adding new region to list
DESERT created.
done
DESERT area: 1
Adding new region to list
DESERT created.
done
DESERT area: 1
Adding new region to list
DESERT created.
done
DESERT area: 1
Adding new region to list
DESERT created.
done
DESERT area: 1
Adding new region to list
DESERT created.
done
DESERT area: 1
Adding new region to list
DESERT created.
done
DESERT area: 1
Adding new region to list
DESERT created.
done
DESERT area: 1
Adding new region to list
DESERT created.
done
DESERT area: 1
Adding new region to list
DESERT created.
done
DESERT area: 1
Adding new region to list
DESERT created.
done
DESERT area: 1
Adding new region to list
DESERT created.
done
DESERT area: 1
Adding new region to list
DESERT created.
done
DESERT area: 1
Adding new region to list
DESERT created.
done
DESERT area: 1
Adding new region to list
DESERT created.
done
DESERT area: 1
Adding new region to list
DESERT created.
done
DESERT area: 1
Adding new region to list
DESERT created.
done
DESERT area: 1
Adding new region to list
DESERT created.
done
DESERT area: 1
Adding new region to list
DESERT created.
done
DESERT area: 1
Adding new region to list
DESERT created.
done
DESERT area: 1
Adding new region to list
DESERT created.
done
DESERT area: 1
Adding new region to list
DESERT created.
done
DESERT area: 1
Adding new region to list
DESERT created.
done
DESERT area: 1
Adding new region to list
DESERT created.
done
DESERT area: 1
Adding new region to list
DESERT created.
done
DESERT area: 1
Adding new region to list
DESERT created.
done
DESERT area: 1
Adding new region to list
DESERT created.
done
DESERT area: 1
Adding new region to list
DESERT created.
done
DESERT area: 1
Adding new region to list
DESERT created.
done
DESERT area: 1
Adding new region to list
DESERT created.
done
DESERT area: 1
Adding new region to list
DESERT created.
done
DESERT area: 1
Adding new region to list
DESERT created.
done
DESERT area: 1
Adding new region to list
DESERT created.
done
DESERT area: 1
Adding new region to list
DESERT created.
done
DESERT area: 1
Adding new region to list
DESERT created.
done
DESERT area: 1
Adding new region to list
DESERT created.
done
DESERT area: 1
Adding new region to list
DESERT created.
done
DESERT area: 1
Adding new region to list
DESERT created.
done
DESERT area: 1
Adding new region to list
DESERT created.
done
DESERT area: 1
Adding new region to list
DESERT created.
done
DESERT area: 1
Adding new region to list
DESERT created.
done
DESERT area: 1
Adding new region to list
DESERT created.
done
DESERT area: 1
Adding new region to list
DESERT created.
done
DESERT area: 1
Adding new region to list
DESERT created.
done
DESERT area: 1
Adding new region to list
DESERT created.
done
DESERT area: 1
Adding new region to list
DESERT created.
done
DESERT area: 1
Adding new region to list
DESERT created.
done
DESERT area: 1
Adding new region to list
DESERT created.
done
DESERT area: 1
Adding new region to list
DESERT created.
done
DESERT area: 1
Adding new region to list
DESERT created.
done
DESERT area: 1
Adding new region to list
DESERT created.
done
DESERT area: 1
Adding new region to list
DESERT created.
done
DESERT area: 1
Adding new region to list
DESERT created.
done
DESERT area: 1
Adding new region to list
DESERT created.
done
DESERT area: 1
Adding new region to list
DESERT created.
done
DESERT area: 1
Adding new region to list
DESERT created.
done
DESERT area: 1
Adding new region to list
DESERT created.
done
DESERT area: 1
Adding new region to list
DESERT created.
done
DESERT area: 1
Adding new region to list
DESERT created.
done
DESERT area: 1
Adding new region to list
DESERT created.
done
DESERT area: 1
Adding new region to list
DESERT created.
done
DESERT area: 1
Adding new region to list
DESERT created.
done
DESERT area: 1
Adding new region to list
DESERT created.
done
DESERT area: 1
Adding new region to list
DESERT created.
done
DESERT area: 1
Adding new region to list
DESERT created.
done
DESERT area: 1
Adding new region to list
DESERT created.
done
DESERT area: 1
Adding new region to list
DESERT created.
done
DESERT area: 1
Adding new region to list
DESERT created.
done
DESERT area: 1
Adding new region to list
DESERT created.
done
DESERT area: 1
Adding new region to list
DESERT created.
done
DESERT area: 1
Adding new region to list
DESERT created.
done
DESERT area: 1
Adding new region to list
DESERT created.
done
DESERT area: 1
Adding new region to list
DESERT created.
done
DESERT area: 1
Adding new region to list
DESERT created.
done
DESERT area: 1
Adding new region to list
DESERT created.
done
DESERT area: 1
Adding new region to list
DESERT created.
done
DESERT area: 1
Adding new region to list
DESERT created.
done
DESERT area: 1
Adding new region to list
DESERT created.
done
DESERT area: 1
Adding new region to list
DESERT created.
done
DESERT area: 1
Adding new region to list
DESERT created.
done
DESERT area: 1
Adding new region to list
DESERT created.
done
DESERT area: 1
Adding new region to list
DESERT created.
done
DESERT area: 1
Adding new region to list
DESERT created.
done
DESERT area: 1
Adding new region to list
DESERT created.
done
DESERT area: 1
Adding new region to list
DESERT created.
done
DESERT area: 1
Adding new region to list
DESERT created.
done
DESERT area: 1
Adding new region to list
DESERT created.
done
DESERT area: 1
Adding new region to list
DESERT created.
done
DESERT area: 1
Adding new region to list
DESERT created.
done
DESERT area: 1
Adding new region to list
DESERT created.
done
DESERT area: 1
Adding new region to list
DESERT created.
done
DESERT area: 1
Adding new region to list
DESERT created.
done
DESERT area: 1
Adding new region to list
DESERT created.
done
DESERT area: 1
Adding new region to list
DESERT created.
done
DESERT area: 1
Adding new region to list
DESERT created.
done
DESERT area: 1
Adding new region to list
DESERT created.
done
DESERT area: 1
Adding new region to list
DESERT created.
done
DESERT area: 1
Adding new region to list
DESERT created.
done
DESERT area: 1
Adding new region to list
DESERT created.
done
DESERT area: 1
Adding new region to list
DESERT created.
done
DESERT area: 1
Adding new region to list
DESERT created.
done
DESERT area: 1
Adding new region to list
DESERT created.
done
DESERT area: 1
Adding new region to list
DESERT created.
done
DESERT area: 1
Adding new region to list
DESERT created.
done
DESERT area: 1
Adding new region to list
DESERT created.
done
DESERT area: 1
Adding new region to list
DESERT created.
done
DESERT area: 1
Adding new region to list
DESERT created.
done
DESERT area: 1
Adding new region to list
DESERT created.
done
DESERT area: 1
Adding new region to list
DESERT created.
done
DESERT area: 1
Adding new region to list
DESERT created.
done
DESERT area: 1
Adding new region to list
DESERT created.
done
DESERT area: 1
Adding new region to list
DESERT created.
done
DESERT area: 1
Adding new region to list
DESERT created.
done
DESERT area: 1
Adding new region to list
DESERT created.
done
DESERT area: 1
Adding new region to list
DESERT created.
done
DESERT area: 1
Adding new region to list
DESERT created.
done
DESERT area: 1
Adding new region to list
DESERT created.
done
DESERT area: 1
Adding new region to list
DESERT created.
done
DESERT area: 1
Adding new region to list
DESERT created.
done
DESERT area: 1
Adding new region to list
DESERT created.
done
DESERT area: 1
Adding new region to list
DESERT created.
done
DESERT area: 1
Adding new region to list
DESERT created.
done
DESERT area: 1
Adding new region to list
DESERT created.
done
DESERT area: 1
Adding new region to list
DESERT created.
done
DESERT area: 1
Adding new region to list
DESERT created.
done
DESERT area: 1
Adding new region to list
DESERT created.
done
DESERT area: 1
Adding new region to list
DESERT created.
done
DESERT area: 1
Adding new region to list
DESERT created.
done
DESERT area: 1
Adding new region to list
DESERT created.
done
DESERT area: 1
Adding new region to list
DESERT created.
done
DESERT area: 1
Adding new region to list
DESERT created.
done
DESERT area: 1
Adding new region to list
DESERT created.
done
DESERT area: 1
Adding new region to list
DESERT created.
done
DESERT area: 1
Adding new region to list
DESERT created.
done
DESERT area: 1
Adding new region to list
DESERT created.
done
DESERT area: 1
Adding new region to list
DESERT created.
done
DESERT area: 1
Adding new region to list
DESERT created.
done
DESERT area: 1
Adding new region to list
DESERT created.
done
DESERT area: 1
Adding new region to list
DESERT created.
done
DESERT area: 1
Adding new region to list
DESERT created.
done
DESERT area: 1
Adding new region to list
DESERT created.
done
DESERT area: 1
Adding new region to list
DESERT created.
done
DESERT area: 1
Adding new region to list
DESERT created.
done
DESERT area: 1
Adding new region to list
DESERT created.
done
DESERT area: 1
Adding new region to list
DESERT created.
done
DESERT area: 1
Adding new region to list
DESERT created.
done
DESERT area: 1
Adding new region to list
DESERT created.
done
DESERT area: 1
Adding new region to list
DESERT created.
done
DESERT area: 1
Adding new region to list
DESERT created.
done
DESERT area: 1
Adding new region to list
DESERT created.
done
DESERT area: 1
Adding new region to list
DESERT created.
done
DESERT area: 1
Adding new region to list
DESERT created.
done
DESERT area: 1
Adding new region to list
DESERT created.
done
DESERT area: 1
Adding new region to list
DESERT created.
done
DESERT area: 1
Adding new region to list
DESERT created.
done
DESERT area: 1
Adding new region to list
DESERT created.
done
DESERT area: 1
Adding new region to list
DESERT created.
done
DESERT area: 1
Adding new region to list
DESERT created.
done
DESERT area: 1
Adding new region to list
DESERT created.
done
DESERT area: 1
Adding new region to list
DESERT created.
done
DESERT area: 1
Adding new region to list
DESERT created.
done
DESERT area: 1
Adding new region to list
DESERT created.
done
DESERT area: 1
Adding new region to list
DESERT created.
done
DESERT area: 1
Adding new region to list
DESERT created.
done
DESERT area: 1
Adding new region to list
DESERT created.
done
DESERT area: 1
Adding new region to list
DESERT created.
done
DESERT area: 1
Adding new region to list
DESERT created.
done
DESERT area: 1
Adding new region to list
DESERT created.
done
DESERT area: 1
Adding new region to list
DESERT created.
done
DESERT area: 1
Adding new region to list
DESERT created.
done
DESERT area: 1
Adding new region to list
DESERT created.
done
DESERT area: 1
Adding new region to list
DESERT created.
done
DESERT area: 1
Adding new region to list
DESERT created.
done
DESERT area: 1
Adding new region to list
DESERT created.
done
DESERT area: 1
Adding new region to list
DESERT created.
done
DESERT area: 1
Adding new region to list
DESERT created.
done
DESERT area: 1
Adding new region to list
DESERT created.
done
DESERT area: 1
Adding new region to list
DESERT created.
done
DESERT area: 1
Adding new region to list
DESERT created.
done
DESERT area: 1
Adding new region to list
DESERT created.
done
DESERT area: 1
Adding new region to list
DESERT created.
done
DESERT area: 1
Adding new region to list
DESERT created.
done
DESERT area: 1
Adding new region to list
DESERT created.
done
DESERT area: 1
Adding new region to list
DESERT created.
done
DESERT area: 1
Adding new region to list
DESERT created.
done
DESERT area: 1
Adding new region to list
DESERT created.
done
DESERT area: 1
Adding new region to list
DESERT created.
done
DESERT area: 1
Adding new region to list
DESERT created.
done
DESERT area: 1
Adding new region to list
DESERT created.
done
DESERT area: 1
Adding new region to list
DESERT created.
done
DESERT area: 1
Adding new region to list
DESERT created.
done
DESERT area: 1
Adding new region to list
DESERT created.
done
DESERT area: 1
Adding new region to list
DESERT created.
done
DESERT area: 1
Adding new region to list
DESERT created.
done
DESERT area: 1
Adding new region to list
DESERT created.
done
DESERT area: 1
Adding new region to list
DESERT created.
done
DESERT area: 1
Adding new region to list
DESERT created.
done
DESERT area: 1
Adding new region to list
DESERT created.
done
DESERT area: 1
Adding new region to list
DESERT created.
done
DESERT area: 1
Adding new region to list
DESERT created.
done
DESERT area: 1
Adding new region to list
DESERT created.
done
DESERT area: 1
Adding new region to list
DESERT created.
done
DESERT area: 1
Adding new region to list
DESERT created.
done
DESERT area: 1
Adding new region to list
DESERT created.
done
DESERT area: 1
Adding new region to list
DESERT created.
done
DESERT area: 1
Adding new region to list
DESERT created.
done
DESERT area: 1
Adding new region to list
DESERT created.
done
DESERT area: 1
Adding new region to list
DESERT created.
done
DESERT area: 1
Adding new region to list
DESERT created.
done
DESERT area: 1
Adding new region to list
DESERT created.
done
DESERT area: 1
Adding new region to list
DESERT created.
done
DESERT area: 1
Adding new region to list
DESERT created.
done
DESERT area: 1
Adding new region to list
DESERT created.
done
DESERT area: 1
Adding new region to list
DESERT created.
done
DESERT area: 1
Adding new region to list
DESERT created.
done
DESERT area: 1
Adding new region to list
DESERT created.
done
DESERT area: 1
Adding new region to list
DESERT created.
done
DESERT area: 1
Adding new region to list
DESERT created.
done
DESERT area: 1
Adding new region to list
DESERT created.
done
DESERT area: 1
Adding new region to list
DESERT created.
done
DESERT area: 1
Adding new region to list
DESERT created.
done
DESERT area: 1
Adding new region to list
DESERT created.
done
DESERT area: 1
Adding new region to list
DESERT created.
done
DESERT area: 1
Adding new region to list
DESERT created.
done
DESERT area: 1
Adding new region to list
DESERT created.
done
DESERT area: 1
Adding new region to list
DESERT created.
done
DESERT area: 1
Adding new region to list
DESERT created.
done
DESERT area: 1
Adding new region to list
DESERT created.
done
DESERT area: 1
Adding new region to list
DESERT created.
done
DESERT area: 1
Adding new region to list
DESERT created.
done
DESERT area: 1
Adding new region to list
DESERT created.
done
DESERT area: 1
Adding new region to list
DESERT created.
done
DESERT area: 1
Adding new region to list
DESERT created.
done
DESERT area: 1
Adding new region to list
DESERT created.
done
DESERT area: 1
Adding new region to list
DESERT created.
done
DESERT area: 1
Adding new region to list
DESERT created.
done
DESERT area: 1
Adding new region to list
DESERT created.
done
DESERT area: 1
Adding new region to list
DESERT created.
done
DESERT area: 1
Adding new region to list
DESERT created.
done
DESERT area: 1
Adding new region to list
DESERT created.
done
DESERT area: 1
Adding new region to list
DESERT created.
done
DESERT area: 1
Adding new region to list
DESERT created.
done
DESERT area: 1
Adding new region to list
DESERT created.
done
DESERT area: 1
Adding new region to list
DESERT created.
done
DESERT area: 1
Adding new region to list
DESERT created.
done
DESERT area: 1
Adding new region to list
DESERT created.
done
DESERT area: 1
Adding new region to list
DESERT created.
done
DESERT area: 1
Adding new region to list
DESERT created.
done
DESERT area: 1
Adding new region to list
DESERT created.
done
DESERT area: 1
Adding new region to list
DESERT created.
done
DESERT area: 1
Adding new region to list
DESERT created.
done
DESERT area: 1
Adding new region to list
DESERT created.
done
DESERT area: 1
Adding new region to list
DESERT created.
done
DESERT area: 1
Adding new region to list
DESERT created.
done
DESERT area: 1
Adding new region to list
DESERT created.
done
DESERT area: 1
Adding new region to list
DESERT created.
done
DESERT area: 1
Adding new region to list
DESERT created.
done
DESERT area: 1
Adding new region to list
DESERT created.
done
DESERT area: 1
Adding new region to list
DESERT created.
done
DESERT area: 1
Adding new region to list
DESERT created.
done
DESERT area: 1
Adding new region to list
DESERT created.
done
DESERT area: 1
Adding new region to list
DESERT created.
done
DESERT area: 1
Adding new region to list
DESERT created.
done
DESERT area: 1
Adding new region to list
DESERT created.
done
DESERT area: 1
Adding new region to list
DESERT created.
done
DESERT area: 1
Adding new region to list
DESERT created.
done
DESERT area: 1
Adding new region to list
DESERT created.
done
DESERT area: 1
Adding new region to list
DESERT created.
done
DESERT area: 1
Adding new region to list
DESERT created.
done
DESERT area: 1
Adding new region to list
DESERT created.
done
DESERT area: 1
Adding new region to list
DESERT created.
done
DESERT area: 1
Adding new region to list
DESERT created.
done
DESERT area: 1
Adding new region to list
DESERT created.
done
DESERT area: 1
Adding new region to list
DESERT created.
done
DESERT area: 1
Adding new region to list
DESERT created.
done
DESERT area: 1
Adding new region to list
DESERT created.
done
DESERT area: 1
Adding new region to list
DESERT created.
done
DESERT area: 1
Adding new region to list
DESERT created.
done
DESERT area: 1
Adding new region to list
DESERT created.
done
DESERT area: 1
Adding new region to list
DESERT created.
done
DESERT area: 1
Adding new region to list
DESERT created.
done
DESERT area: 1
Adding new region to list
DESERT created.
done
DESERT area: 1
Adding new region to list
DESERT created.
done
FOREST area: 406
Adding new region to list
FOREST created.
done
FOREST area: 207
Adding new region to list
FOREST created.
done
FOREST area: 251
Adding new region to list
FOREST created.
done
FOREST area: 224
Adding new region to list
FOREST created.
done
FOREST area: 152
Adding new region to list
FOREST created.
done
FOREST area: 218
Adding new region to list
FOREST created.
done
FOREST area: 157
Adding new region to list
FOREST created.
done
FOREST area: 62
Adding new region to list
FOREST created.
done
FOREST area: 118
Adding new region to list
FOREST created.
done
FOREST area: 115
Adding new region to list
FOREST created.
done
FOREST area: 96
Adding new region to list
FOREST created.
done
FOREST area: 87
Adding new region to list
FOREST created.
done
FOREST area: 64
Adding new region to list
FOREST created.
done
FOREST area: 93
Adding new region to list
FOREST created.
done
FOREST area: 54
Adding new region to list
FOREST created.
done
FOREST area: 68
Adding new region to list
FOREST created.
done
FOREST area: 49
Adding new region to list
FOREST created.
done
FOREST area: 31
Adding new region to list
FOREST created.
done
FOREST area: 47
Adding new region to list
FOREST created.
done
FOREST area: 55
Adding new region to list
FOREST created.
done
FOREST area: 28
Adding new region to list
FOREST created.
done
FOREST area: 48
Adding new region to list
FOREST created.
done
FOREST area: 52
Adding new region to list
FOREST created.
done
FOREST area: 34
Adding new region to list
FOREST created.
done
FOREST area: 25
Adding new region to list
FOREST created.
done
FOREST area: 33
Adding new region to list
FOREST created.
done
FOREST area: 14
Adding new region to list
FOREST created.
done
FOREST area: 28
Adding new region to list
FOREST created.
done
FOREST area: 30
Adding new region to list
FOREST created.
done
FOREST area: 34
Adding new region to list
FOREST created.
done
FOREST area: 33
Adding new region to list
FOREST created.
done
FOREST area: 23
Adding new region to list
FOREST created.
done
FOREST area: 25
Adding new region to list
FOREST created.
done
FOREST area: 25
Adding new region to list
FOREST created.
done
FOREST area: 21
Adding new region to list
FOREST created.
done
FOREST area: 24
Adding new region to list
FOREST created.
done
FOREST area: 21
Adding new region to list
FOREST created.
done
FOREST area: 19
Adding new region to list
FOREST created.
done
FOREST area: 14
Adding new region to list
FOREST created.
done
FOREST area: 18
Adding new region to list
FOREST created.
done
FOREST area: 16
Adding new region to list
FOREST created.
done
FOREST area: 14
Adding new region to list
FOREST created.
done
FOREST area: 21
Adding new region to list
FOREST created.
done
FOREST area: 17
Adding new region to list
FOREST created.
done
FOREST area: 10
Adding new region to list
FOREST created.
done
FOREST area: 15
Adding new region to list
FOREST created.
done
FOREST area: 20
Adding new region to list
FOREST created.
done
FOREST area: 15
Adding new region to list
FOREST created.
done
FOREST area: 8
Adding new region to list
FOREST created.
done
FOREST area: 9
Adding new region to list
FOREST created.
done
FOREST area: 9
Adding new region to list
FOREST created.
done
FOREST area: 8
Adding new region to list
FOREST created.
done
FOREST area: 11
Adding new region to list
FOREST created.
done
FOREST area: 10
Adding new region to list
FOREST created.
done
FOREST area: 11
Adding new region to list
FOREST created.
done
FOREST area: 8
Adding new region to list
FOREST created.
done
FOREST area: 7
Adding new region to list
FOREST created.
done
FOREST area: 7
Adding new region to list
FOREST created.
done
FOREST area: 9
Adding new region to list
FOREST created.
done
FOREST area: 7
Adding new region to list
FOREST created.
done
FOREST area: 9
Adding new region to list
FOREST created.
done
FOREST area: 9
Adding new region to list
FOREST created.
done
FOREST area: 5
Adding new region to list
FOREST created.
done
FOREST area: 6
Adding new region to list
FOREST created.
done
FOREST area: 7
Adding new region to list
FOREST created.
done
FOREST area: 9
Adding new region to list
FOREST created.
done
FOREST area: 7
Adding new region to list
FOREST created.
done
FOREST area: 8
Adding new region to list
FOREST created.
done
FOREST area: 8
Adding new region to list
FOREST created.
done
FOREST area: 7
Adding new region to list
FOREST created.
done
FOREST area: 5
Adding new region to list
FOREST created.
done
FOREST area: 9
Adding new region to list
FOREST created.
done
FOREST area: 6
Adding new region to list
FOREST created.
done
FOREST area: 6
Adding new region to list
FOREST created.
done
FOREST area: 7
Adding new region to list
FOREST created.
done
FOREST area: 5
Adding new region to list
FOREST created.
done
FOREST area: 8
Adding new region to list
FOREST created.
done
FOREST area: 7
Adding new region to list
FOREST created.
done
FOREST area: 3
Adding new region to list
FOREST created.
done
FOREST area: 9
Adding new region to list
FOREST created.
done
FOREST area: 6
Adding new region to list
FOREST created.
done
FOREST area: 4
Adding new region to list
FOREST created.
done
FOREST area: 2
Adding new region to list
FOREST created.
done
FOREST area: 5
Adding new region to list
FOREST created.
done
FOREST area: 5
Adding new region to list
FOREST created.
done
FOREST area: 3
Adding new region to list
FOREST created.
done
FOREST area: 3
Adding new region to list
FOREST created.
done
FOREST area: 2
Adding new region to list
FOREST created.
done
FOREST area: 3
Adding new region to list
FOREST created.
done
FOREST area: 4
Adding new region to list
FOREST created.
done
FOREST area: 5
Adding new region to list
FOREST created.
done
FOREST area: 5
Adding new region to list
FOREST created.
done
FOREST area: 4
Adding new region to list
FOREST created.
done
FOREST area: 3
Adding new region to list
FOREST created.
done
FOREST area: 5
Adding new region to list
FOREST created.
done
FOREST area: 4
Adding new region to list
FOREST created.
done
FOREST area: 3
Adding new region to list
FOREST created.
done
FOREST area: 4
Adding new region to list
FOREST created.
done
FOREST area: 3
Adding new region to list
FOREST created.
done
FOREST area: 3
Adding new region to list
FOREST created.
done
FOREST area: 5
Adding new region to list
FOREST created.
done
FOREST area: 4
Adding new region to list
FOREST created.
done
FOREST area: 4
Adding new region to list
FOREST created.
done
FOREST area: 5
Adding new region to list
FOREST created.
done
FOREST area: 4
Adding new region to list
FOREST created.
done
FOREST area: 4
Adding new region to list
FOREST created.
done
FOREST area: 4
Adding new region to list
FOREST created.
done
FOREST area: 3
Adding new region to list
FOREST created.
done
FOREST area: 2
Adding new region to list
FOREST created.
done
FOREST area: 3
Adding new region to list
FOREST created.
done
FOREST area: 3
Adding new region to list
FOREST created.
done
FOREST area: 5
Adding new region to list
FOREST created.
done
FOREST area: 3
Adding new region to list
FOREST created.
done
FOREST area: 1
Adding new region to list
FOREST created.
done
FOREST area: 1
Adding new region to list
FOREST created.
done
FOREST area: 1
Adding new region to list
FOREST created.
done
FOREST area: 1
Adding new region to list
FOREST created.
done
FOREST area: 1
Adding new region to list
FOREST created.
done
FOREST area: 1
Adding new region to list
FOREST created.
done
FOREST area: 1
Adding new region to list
FOREST created.
done
FOREST area: 1
Adding new region to list
FOREST created.
done
FOREST area: 1
Adding new region to list
FOREST created.
done
FOREST area: 1
Adding new region to list
FOREST created.
done
FOREST area: 1
Adding new region to list
FOREST created.
done
FOREST area: 1
Adding new region to list
FOREST created.
done
FOREST area: 1
Adding new region to list
FOREST created.
done
FOREST area: 1
Adding new region to list
FOREST created.
done
FOREST area: 1
Adding new region to list
FOREST created.
done
FOREST area: 1
Adding new region to list
FOREST created.
done
FOREST area: 1
Adding new region to list
FOREST created.
done
FOREST area: 1
Adding new region to list
FOREST created.
done
FOREST area: 1
Adding new region to list
FOREST created.
done
FOREST area: 1
Adding new region to list
FOREST created.
done
FOREST area: 1
Adding new region to list
FOREST created.
done
FOREST area: 1
Adding new region to list
FOREST created.
done
FOREST area: 1
Adding new region to list
FOREST created.
done
FOREST area: 1
Adding new region to list
FOREST created.
done
FOREST area: 1
Adding new region to list
FOREST created.
done
FOREST area: 1
Adding new region to list
FOREST created.
done
FOREST area: 1
Adding new region to list
FOREST created.
done
FOREST area: 1
Adding new region to list
FOREST created.
done
FOREST area: 1
Adding new region to list
FOREST created.
done
FOREST area: 1
Adding new region to list
FOREST created.
done
FOREST area: 1
Adding new region to list
FOREST created.
done
FOREST area: 1
Adding new region to list
FOREST created.
done
FOREST area: 1
Adding new region to list
FOREST created.
done
FOREST area: 1
Adding new region to list
FOREST created.
done
FOREST area: 1
Adding new region to list
FOREST created.
done
FOREST area: 1
Adding new region to list
FOREST created.
done
FOREST area: 1
Adding new region to list
FOREST created.
done
FOREST area: 1
Adding new region to list
FOREST created.
done
FOREST area: 1
Adding new region to list
FOREST created.
done
FOREST area: 1
Adding new region to list
FOREST created.
done
FOREST area: 1
Adding new region to list
FOREST created.
done
FOREST area: 1
Adding new region to list
FOREST created.
done
FOREST area: 1
Adding new region to list
FOREST created.
done
FOREST area: 1
Adding new region to list
FOREST created.
done
FOREST area: 1
Adding new region to list
FOREST created.
done
FOREST area: 1
Adding new region to list
FOREST created.
done
FOREST area: 1
Adding new region to list
FOREST created.
done
FOREST area: 1
Adding new region to list
FOREST created.
done
FOREST area: 1
Adding new region to list
FOREST created.
done
FOREST area: 1
Adding new region to list
FOREST created.
done
FOREST area: 1
Adding new region to list
FOREST created.
done
FOREST area: 1
Adding new region to list
FOREST created.
done
FOREST area: 1
Adding new region to list
FOREST created.
done
FOREST area: 1
Adding new region to list
FOREST created.
done
FOREST area: 1
Adding new region to list
FOREST created.
done
FOREST area: 1
Adding new region to list
FOREST created.
done
FOREST area: 1
Adding new region to list
FOREST created.
done
FOREST area: 1
Adding new region to list
FOREST created.
done
FOREST area: 1
Adding new region to list
FOREST created.
done
FOREST area: 1
Adding new region to list
FOREST created.
done
FOREST area: 1
Adding new region to list
FOREST created.
done
FOREST area: 1
Adding new region to list
FOREST created.
done
FOREST area: 1
Adding new region to list
FOREST created.
done
FOREST area: 1
Adding new region to list
FOREST created.
done
FOREST area: 1
Adding new region to list
FOREST created.
done
FOREST area: 1
Adding new region to list
FOREST created.
done
FOREST area: 1
Adding new region to list
FOREST created.
done
FOREST area: 1
Adding new region to list
FOREST created.
done
FOREST area: 1
Adding new region to list
FOREST created.
done
FOREST area: 1
Adding new region to list
FOREST created.
done
FOREST area: 1
Adding new region to list
FOREST created.
done
FOREST area: 1
Adding new region to list
FOREST created.
done
FOREST area: 1
Adding new region to list
FOREST created.
done
FOREST area: 1
Adding new region to list
FOREST created.
done
FOREST area: 1
Adding new region to list
FOREST created.
done
FOREST area: 1
Adding new region to list
FOREST created.
done
FOREST area: 1
Adding new region to list
FOREST created.
done
FOREST area: 1
Adding new region to list
FOREST created.
done
FOREST area: 1
Adding new region to list
FOREST created.
done
FOREST area: 1
Adding new region to list
FOREST created.
done
FOREST area: 1
Adding new region to list
FOREST created.
done
FOREST area: 1
Adding new region to list
FOREST created.
done
FOREST area: 1
Adding new region to list
FOREST created.
done
FOREST area: 1
Adding new region to list
FOREST created.
done
FOREST area: 1
Adding new region to list
FOREST created.
done
FOREST area: 1
Adding new region to list
FOREST created.
done
FOREST area: 1
Adding new region to list
FOREST created.
done
FOREST area: 1
Adding new region to list
FOREST created.
done
FOREST area: 1
Adding new region to list
FOREST created.
done
FOREST area: 1
Adding new region to list
FOREST created.
done
FOREST area: 1
Adding new region to list
FOREST created.
done
FOREST area: 1
Adding new region to list
FOREST created.
done
FOREST area: 1
Adding new region to list
FOREST created.
done
FOREST area: 1
Adding new region to list
FOREST created.
done
FOREST area: 1
Adding new region to list
FOREST created.
done
FOREST area: 1
Adding new region to list
FOREST created.
done
FOREST area: 1
Adding new region to list
FOREST created.
done
FOREST area: 1
Adding new region to list
FOREST created.
done
FOREST area: 1
Adding new region to list
FOREST created.
done
FOREST area: 1
Adding new region to list
FOREST created.
done
FOREST area: 1
Adding new region to list
FOREST created.
done
FOREST area: 1
Adding new region to list
FOREST created.
done
FOREST area: 1
Adding new region to list
FOREST created.
done
FOREST area: 1
Adding new region to list
FOREST created.
done
FOREST area: 1
Adding new region to list
FOREST created.
done
FOREST area: 1
Adding new region to list
FOREST created.
done
FOREST area: 1
Adding new region to list
FOREST created.
done
FOREST area: 1
Adding new region to list
FOREST created.
done
FOREST area: 1
Adding new region to list
FOREST created.
done
FOREST area: 1
Adding new region to list
FOREST created.
done
FOREST area: 1
Adding new region to list
FOREST created.
done
FOREST area: 1
Adding new region to list
FOREST created.
done
FOREST area: 1
Adding new region to list
FOREST created.
done
FOREST area: 1
Adding new region to list
FOREST created.
done
FOREST area: 1
Adding new region to list
FOREST created.
done
FOREST area: 1
Adding new region to list
FOREST created.
done
FOREST area: 1
Adding new region to list
FOREST created.
done
FOREST area: 1
Adding new region to list
FOREST created.
done
FOREST area: 1
Adding new region to list
FOREST created.
done
FOREST area: 1
Adding new region to list
FOREST created.
done
FOREST area: 1
Adding new region to list
FOREST created.
done
FOREST area: 1
Adding new region to list
FOREST created.
done
FOREST area: 1
Adding new region to list
FOREST created.
done
FOREST area: 1
Adding new region to list
FOREST created.
done
FOREST area: 1
Adding new region to list
FOREST created.
done
FOREST area: 1
Adding new region to list
FOREST created.
done
FOREST area: 1
Adding new region to list
FOREST created.
done
FOREST area: 1
Adding new region to list
FOREST created.
done
FOREST area: 1
Adding new region to list
FOREST created.
done
FOREST area: 1
Adding new region to list
FOREST created.
done
FOREST area: 1
Adding new region to list
FOREST created.
done
FOREST area: 1
Adding new region to list
FOREST created.
done
FOREST area: 1
Adding new region to list
FOREST created.
done
FOREST area: 1
Adding new region to list
FOREST created.
done
FOREST area: 1
Adding new region to list
FOREST created.
done
FOREST area: 1
Adding new region to list
FOREST created.
done
FOREST area: 1
Adding new region to list
FOREST created.
done
FOREST area: 1
Adding new region to list
FOREST created.
done
FOREST area: 1
Adding new region to list
FOREST created.
done
FOREST area: 1
Adding new region to list
FOREST created.
done
FOREST area: 1
Adding new region to list
FOREST created.
done
FOREST area: 1
Adding new region to list
FOREST created.
done
FOREST area: 1
Adding new region to list
FOREST created.
done
FOREST area: 1
Adding new region to list
FOREST created.
done
FOREST area: 1
Adding new region to list
FOREST created.
done
FOREST area: 1
Adding new region to list
FOREST created.
done
FOREST area: 1
Adding new region to list
FOREST created.
done
FOREST area: 1
Adding new region to list
FOREST created.
done
FOREST area: 1
Adding new region to list
FOREST created.
done
FOREST area: 1
Adding new region to list
FOREST created.
done
FOREST area: 1
Adding new region to list
FOREST created.
done
FOREST area: 1
Adding new region to list
FOREST created.
done
FOREST area: 1
Adding new region to list
FOREST created.
done
FOREST area: 1
Adding new region to list
FOREST created.
done
FOREST area: 1
Adding new region to list
FOREST created.
done
FOREST area: 1
Adding new region to list
FOREST created.
done
FOREST area: 1
Adding new region to list
FOREST created.
done
FOREST area: 1
Adding new region to list
FOREST created.
done
FOREST area: 1
Adding new region to list
FOREST created.
done
FOREST area: 1
Adding new region to list
FOREST created.
done
FOREST area: 1
Adding new region to list
FOREST created.
done
FOREST area: 1
Adding new region to list
FOREST created.
done
FOREST area: 1
Adding new region to list
FOREST created.
done
FOREST area: 1
Adding new region to list
FOREST created.
done
FOREST area: 1
Adding new region to list
FOREST created.
done
FOREST area: 1
Adding new region to list
FOREST created.
done
FOREST area: 1
Adding new region to list
FOREST created.
done
FOREST area: 1
Adding new region to list
FOREST created.
done
FOREST area: 1
Adding new region to list
FOREST created.
done
FOREST area: 1
Adding new region to list
FOREST created.
done
FOREST area: 1
Adding new region to list
FOREST created.
done
FOREST area: 1
Adding new region to list
FOREST created.
done
FOREST area: 1
Adding new region to list
FOREST created.
done
FOREST area: 1
Adding new region to list
FOREST created.
done
FOREST area: 1
Adding new region to list
FOREST created.
done
FOREST area: 1
Adding new region to list
FOREST created.
done
FOREST area: 1
Adding new region to list
FOREST created.
done
FOREST area: 1
Adding new region to list
FOREST created.
done
FOREST area: 1
Adding new region to list
FOREST created.
done
FOREST area: 1
Adding new region to list
FOREST created.
done
FOREST area: 1
Adding new region to list
FOREST created.
done
FOREST area: 1
Adding new region to list
FOREST created.
done
FOREST area: 1
Adding new region to list
FOREST created.
done
FOREST area: 1
Adding new region to list
FOREST created.
done
FOREST area: 1
Adding new region to list
FOREST created.
done
FOREST area: 1
Adding new region to list
FOREST created.
done
FOREST area: 1
Adding new region to list
FOREST created.
done
FOREST area: 1
Adding new region to list
FOREST created.
done
FOREST area: 1
Adding new region to list
FOREST created.
done
FOREST area: 1
Adding new region to list
FOREST created.
done
FOREST area: 1
Adding new region to list
FOREST created.
done
FOREST area: 1
Adding new region to list
FOREST created.
done
FOREST area: 1
Adding new region to list
FOREST created.
done
FOREST area: 1
Adding new region to list
FOREST created.
done
FOREST area: 1
Adding new region to list
FOREST created.
done
FOREST area: 1
Adding new region to list
FOREST created.
done
FOREST area: 1
Adding new region to list
FOREST created.
done
FOREST area: 1
Adding new region to list
FOREST created.
done
FOREST area: 1
Adding new region to list
FOREST created.
done
FOREST area: 1
Adding new region to list
FOREST created.
done
FOREST area: 1
Adding new region to list
FOREST created.
done
FOREST area: 1
Adding new region to list
FOREST created.
done
FOREST area: 1
Adding new region to list
FOREST created.
done
FOREST area: 1
Adding new region to list
FOREST created.
done
FOREST area: 1
Adding new region to list
FOREST created.
done
FOREST area: 1
Adding new region to list
FOREST created.
done
FOREST area: 1
Adding new region to list
FOREST created.
done
FOREST area: 1
Adding new region to list
FOREST created.
done
FOREST area: 1
Adding new region to list
FOREST created.
done
FOREST area: 1
Adding new region to list
FOREST created.
done
FOREST area: 1
Adding new region to list
FOREST created.
done
FOREST area: 1
Adding new region to list
FOREST created.
done
FOREST area: 1
Adding new region to list
FOREST created.
done
FOREST area: 1
Adding new region to list
FOREST created.
done
FOREST area: 1
Adding new region to list
FOREST created.
done
FOREST area: 1
Adding new region to list
FOREST created.
done
FOREST area: 1
Adding new region to list
FOREST created.
done
FOREST area: 1
Adding new region to list
FOREST created.
done
FOREST area: 1
Adding new region to list
FOREST created.
done
FOREST area: 1
Adding new region to list
FOREST created.
done
FOREST area: 1
Adding new region to list
FOREST created.
done
FOREST area: 1
Adding new region to list
FOREST created.
done
FOREST area: 1
Adding new region to list
FOREST created.
done
FOREST area: 1
Adding new region to list
FOREST created.
done
FOREST area: 1
Adding new region to list
FOREST created.
done
FOREST area: 1
Adding new region to list
FOREST created.
done
FOREST area: 1
Adding new region to list
FOREST created.
done
FOREST area: 1
Adding new region to list
FOREST created.
done
FOREST area: 1
Adding new region to list
FOREST created.
done
FOREST area: 1
Adding new region to list
FOREST created.
done
FOREST area: 1
Adding new region to list
FOREST created.
done
FOREST area: 1
Adding new region to list
FOREST created.
done
FOREST area: 1
Adding new region to list
FOREST created.
done
FOREST area: 1
Adding new region to list
FOREST created.
done
FOREST area: 1
Adding new region to list
FOREST created.
done
FOREST area: 1
Adding new region to list
FOREST created.
done
FOREST area: 1
Adding new region to list
FOREST created.
done
FOREST area: 1
Adding new region to list
FOREST created.
done
FOREST area: 1
Adding new region to list
FOREST created.
done
FOREST area: 1
Adding new region to list
FOREST created.
done
FOREST area: 1
Adding new region to list
FOREST created.
done
FOREST area: 1
Adding new region to list
FOREST created.
done
FOREST area: 1
Adding new region to list
FOREST created.
done
FOREST area: 1
Adding new region to list
FOREST created.
done
FOREST area: 1
Adding new region to list
FOREST created.
done
FOREST area: 1
Adding new region to list
FOREST created.
done
FOREST area: 1
Adding new region to list
FOREST created.
done
FOREST area: 1
Adding new region to list
FOREST created.
done
FOREST area: 1
Adding new region to list
FOREST created.
done
FOREST area: 1
Adding new region to list
FOREST created.
done
FOREST area: 1
Adding new region to list
FOREST created.
done
FOREST area: 1
Adding new region to list
FOREST created.
done
FOREST area: 1
Adding new region to list
FOREST created.
done
FOREST area: 1
Adding new region to list
FOREST created.
done
FOREST area: 1
Adding new region to list
FOREST created.
done
FOREST area: 1
Adding new region to list
FOREST created.
done
FOREST area: 1
Adding new region to list
FOREST created.
done
FOREST area: 1
Adding new region to list
FOREST created.
done
FOREST area: 1
Adding new region to list
FOREST created.
done
FOREST area: 1
Adding new region to list
FOREST created.
done
FOREST area: 1
Adding new region to list
FOREST created.
done
FOREST area: 1
Adding new region to list
FOREST created.
done
FOREST area: 1
Adding new region to list
FOREST created.
done
FOREST area: 1
Adding new region to list
FOREST created.
done
FOREST area: 1
Adding new region to list
FOREST created.
done
FOREST area: 1
Adding new region to list
FOREST created.
done
FOREST area: 1
Adding new region to list
FOREST created.
done
FOREST area: 1
Adding new region to list
FOREST created.
done
FOREST area: 1
Adding new region to list
FOREST created.
done
FOREST area: 1
Adding new region to list
FOREST created.
done
FOREST area: 1
Adding new region to list
FOREST created.
done
FOREST area: 1
Adding new region to list
FOREST created.
done
FOREST area: 1
Adding new region to list
FOREST created.
done
FOREST area: 1
Adding new region to list
FOREST created.
done
FOREST area: 1
Adding new region to list
FOREST created.
done
FOREST area: 1
Adding new region to list
FOREST created.
done
FOREST area: 1
Adding new region to list
FOREST created.
done
FOREST area: 1
Adding new region to list
FOREST created.
done
FOREST area: 1
Adding new region to list
FOREST created.
done
FOREST area: 1
Adding new region to list
FOREST created.
done
FOREST area: 1
Adding new region to list
FOREST created.
done
FOREST area: 1
Adding new region to list
FOREST created.
done
FOREST area: 1
Adding new region to list
FOREST created.
done
FOREST area: 1
Adding new region to list
FOREST created.
done
FOREST area: 1
Adding new region to list
FOREST created.
done
FOREST area: 1
Adding new region to list
FOREST created.
done
FOREST area: 1
Adding new region to list
FOREST created.
done
FOREST area: 1
Adding new region to list
FOREST created.
done
FOREST area: 1
Adding new region to list
FOREST created.
done
FOREST area: 1
Adding new region to list
FOREST created.
done
FOREST area: 1
Adding new region to list
FOREST created.
done
FOREST area: 1
Adding new region to list
FOREST created.
done
FOREST area: 1
Adding new region to list
FOREST created.
done
FOREST area: 1
Adding new region to list
FOREST created.
done
FOREST area: 1
Adding new region to list
FOREST created.
done
FOREST area: 1
Adding new region to list
FOREST created.
done
FOREST area: 1
Adding new region to list
FOREST created.
done
FOREST area: 1
Adding new region to list
FOREST created.
done
FOREST area: 1
Adding new region to list
FOREST created.
done
FOREST area: 1
Adding new region to list
FOREST created.
done
SWAMP_FOREST area: 576
Adding new region to list
SWAMP_FOREST created.
done
SWAMP_FOREST area: 614
Adding new region to list
SWAMP_FOREST created.
done
SWAMP_FOREST area: 385
Adding new region to list
SWAMP_FOREST created.
done
SWAMP_FOREST area: 426
Adding new region to list
SWAMP_FOREST created.
done
SWAMP_FOREST area: 151
Adding new region to list
SWAMP_FOREST created.
done
SWAMP_FOREST area: 260
Adding new region to list
SWAMP_FOREST created.
done
SWAMP_FOREST area: 233
Adding new region to list
SWAMP_FOREST created.
done
SWAMP_FOREST area: 113
Adding new region to list
SWAMP_FOREST created.
done
SWAMP_FOREST area: 66
Adding new region to list
SWAMP_FOREST created.
done
SWAMP_FOREST area: 186
Adding new region to list
SWAMP_FOREST created.
done
SWAMP_FOREST area: 141
Adding new region to list
SWAMP_FOREST created.
done
SWAMP_FOREST area: 108
Adding new region to list
SWAMP_FOREST created.
done
SWAMP_FOREST area: 67
Adding new region to list
SWAMP_FOREST created.
done
SWAMP_FOREST area: 95
Adding new region to list
SWAMP_FOREST created.
done
SWAMP_FOREST area: 122
Adding new region to list
SWAMP_FOREST created.
done
SWAMP_FOREST area: 57
Adding new region to list
SWAMP_FOREST created.
done
SWAMP_FOREST area: 93
Adding new region to list
SWAMP_FOREST created.
done
SWAMP_FOREST area: 117
Adding new region to list
SWAMP_FOREST created.
done
SWAMP_FOREST area: 85
Adding new region to list
SWAMP_FOREST created.
done
SWAMP_FOREST area: 76
Adding new region to list
SWAMP_FOREST created.
done
SWAMP_FOREST area: 84
Adding new region to list
SWAMP_FOREST created.
done
SWAMP_FOREST area: 50
Adding new region to list
SWAMP_FOREST created.
done
SWAMP_FOREST area: 68
Adding new region to list
SWAMP_FOREST created.
done
SWAMP_FOREST area: 59
Adding new region to list
SWAMP_FOREST created.
done
SWAMP_FOREST area: 39
Adding new region to list
SWAMP_FOREST created.
done
SWAMP_FOREST area: 58
Adding new region to list
SWAMP_FOREST created.
done
SWAMP_FOREST area: 36
Adding new region to list
SWAMP_FOREST created.
done
SWAMP_FOREST area: 36
Adding new region to list
SWAMP_FOREST created.
done
SWAMP_FOREST area: 50
Adding new region to list
SWAMP_FOREST created.
done
SWAMP_FOREST area: 25
Adding new region to list
SWAMP_FOREST created.
done
SWAMP_FOREST area: 41
Adding new region to list
SWAMP_FOREST created.
done
SWAMP_FOREST area: 31
Adding new region to list
SWAMP_FOREST created.
done
SWAMP_FOREST area: 29
Adding new region to list
SWAMP_FOREST created.
done
SWAMP_FOREST area: 26
Adding new region to list
SWAMP_FOREST created.
done
SWAMP_FOREST area: 22
Adding new region to list
SWAMP_FOREST created.
done
SWAMP_FOREST area: 28
Adding new region to list
SWAMP_FOREST created.
done
SWAMP_FOREST area: 26
Adding new region to list
SWAMP_FOREST created.
done
SWAMP_FOREST area: 22
Adding new region to list
SWAMP_FOREST created.
done
SWAMP_FOREST area: 25
Adding new region to list
SWAMP_FOREST created.
done
SWAMP_FOREST area: 33
Adding new region to list
SWAMP_FOREST created.
done
SWAMP_FOREST area: 22
Adding new region to list
SWAMP_FOREST created.
done
SWAMP_FOREST area: 13
Adding new region to list
SWAMP_FOREST created.
done
SWAMP_FOREST area: 24
Adding new region to list
SWAMP_FOREST created.
done
SWAMP_FOREST area: 24
Adding new region to list
SWAMP_FOREST created.
done
SWAMP_FOREST area: 19
Adding new region to list
SWAMP_FOREST created.
done
SWAMP_FOREST area: 14
Adding new region to list
SWAMP_FOREST created.
done
SWAMP_FOREST area: 20
Adding new region to list
SWAMP_FOREST created.
done
SWAMP_FOREST area: 13
Adding new region to list
SWAMP_FOREST created.
done
SWAMP_FOREST area: 17
Adding new region to list
SWAMP_FOREST created.
done
SWAMP_FOREST area: 16
Adding new region to list
SWAMP_FOREST created.
done
SWAMP_FOREST area: 18
Adding new region to list
SWAMP_FOREST created.
done
SWAMP_FOREST area: 15
Adding new region to list
SWAMP_FOREST created.
done
SWAMP_FOREST area: 12
Adding new region to list
SWAMP_FOREST created.
done
SWAMP_FOREST area: 12
Adding new region to list
SWAMP_FOREST created.
done
SWAMP_FOREST area: 20
Adding new region to list
SWAMP_FOREST created.
done
SWAMP_FOREST area: 14
Adding new region to list
SWAMP_FOREST created.
done
SWAMP_FOREST area: 11
Adding new region to list
SWAMP_FOREST created.
done
SWAMP_FOREST area: 7
Adding new region to list
SWAMP_FOREST created.
done
SWAMP_FOREST area: 12
Adding new region to list
SWAMP_FOREST created.
done
SWAMP_FOREST area: 7
Adding new region to list
SWAMP_FOREST created.
done
SWAMP_FOREST area: 5
Adding new region to list
SWAMP_FOREST created.
done
SWAMP_FOREST area: 12
Adding new region to list
SWAMP_FOREST created.
done
SWAMP_FOREST area: 8
Adding new region to list
SWAMP_FOREST created.
done
SWAMP_FOREST area: 7
Adding new region to list
SWAMP_FOREST created.
done
SWAMP_FOREST area: 8
Adding new region to list
SWAMP_FOREST created.
done
SWAMP_FOREST area: 9
Adding new region to list
SWAMP_FOREST created.
done
SWAMP_FOREST area: 5
Adding new region to list
SWAMP_FOREST created.
done
SWAMP_FOREST area: 6
Adding new region to list
SWAMP_FOREST created.
done
SWAMP_FOREST area: 9
Adding new region to list
SWAMP_FOREST created.
done
SWAMP_FOREST area: 5
Adding new region to list
SWAMP_FOREST created.
done
SWAMP_FOREST area: 6
Adding new region to list
SWAMP_FOREST created.
done
SWAMP_FOREST area: 9
Adding new region to list
SWAMP_FOREST created.
done
SWAMP_FOREST area: 8
Adding new region to list
SWAMP_FOREST created.
done
SWAMP_FOREST area: 8
Adding new region to list
SWAMP_FOREST created.
done
SWAMP_FOREST area: 9
Adding new region to list
SWAMP_FOREST created.
done
SWAMP_FOREST area: 4
Adding new region to list
SWAMP_FOREST created.
done
SWAMP_FOREST area: 9
Adding new region to list
SWAMP_FOREST created.
done
SWAMP_FOREST area: 8
Adding new region to list
SWAMP_FOREST created.
done
SWAMP_FOREST area: 7
Adding new region to list
SWAMP_FOREST created.
done
SWAMP_FOREST area: 3
Adding new region to list
SWAMP_FOREST created.
done
SWAMP_FOREST area: 8
Adding new region to list
SWAMP_FOREST created.
done
SWAMP_FOREST area: 7
Adding new region to list
SWAMP_FOREST created.
done
SWAMP_FOREST area: 5
Adding new region to list
SWAMP_FOREST created.
done
SWAMP_FOREST area: 8
Adding new region to list
SWAMP_FOREST created.
done
SWAMP_FOREST area: 7
Adding new region to list
SWAMP_FOREST created.
done
SWAMP_FOREST area: 8
Adding new region to list
SWAMP_FOREST created.
done
SWAMP_FOREST area: 8
Adding new region to list
SWAMP_FOREST created.
done
SWAMP_FOREST area: 7
Adding new region to list
SWAMP_FOREST created.
done
SWAMP_FOREST area: 4
Adding new region to list
SWAMP_FOREST created.
done
SWAMP_FOREST area: 4
Adding new region to list
SWAMP_FOREST created.
done
SWAMP_FOREST area: 3
Adding new region to list
SWAMP_FOREST created.
done
SWAMP_FOREST area: 5
Adding new region to list
SWAMP_FOREST created.
done
SWAMP_FOREST area: 2
Adding new region to list
SWAMP_FOREST created.
done
SWAMP_FOREST area: 5
Adding new region to list
SWAMP_FOREST created.
done
SWAMP_FOREST area: 4
Adding new region to list
SWAMP_FOREST created.
done
SWAMP_FOREST area: 5
Adding new region to list
SWAMP_FOREST created.
done
SWAMP_FOREST area: 4
Adding new region to list
SWAMP_FOREST created.
done
SWAMP_FOREST area: 5
Adding new region to list
SWAMP_FOREST created.
done
SWAMP_FOREST area: 4
Adding new region to list
SWAMP_FOREST created.
done
SWAMP_FOREST area: 1
Adding new region to list
SWAMP_FOREST created.
done
SWAMP_FOREST area: 5
Adding new region to list
SWAMP_FOREST created.
done
SWAMP_FOREST area: 3
Adding new region to list
SWAMP_FOREST created.
done
SWAMP_FOREST area: 4
Adding new region to list
SWAMP_FOREST created.
done
SWAMP_FOREST area: 2
Adding new region to list
SWAMP_FOREST created.
done
SWAMP_FOREST area: 4
Adding new region to list
SWAMP_FOREST created.
done
SWAMP_FOREST area: 4
Adding new region to list
SWAMP_FOREST created.
done
SWAMP_FOREST area: 3
Adding new region to list
SWAMP_FOREST created.
done
SWAMP_FOREST area: 5
Adding new region to list
SWAMP_FOREST created.
done
SWAMP_FOREST area: 3
Adding new region to list
SWAMP_FOREST created.
done
SWAMP_FOREST area: 4
Adding new region to list
SWAMP_FOREST created.
done
SWAMP_FOREST area: 3
Adding new region to list
SWAMP_FOREST created.
done
SWAMP_FOREST area: 5
Adding new region to list
SWAMP_FOREST created.
done
SWAMP_FOREST area: 3
Adding new region to list
SWAMP_FOREST created.
done
SWAMP_FOREST area: 3
Adding new region to list
SWAMP_FOREST created.
done
SWAMP_FOREST area: 2
Adding new region to list
SWAMP_FOREST created.
done
SWAMP_FOREST area: 5
Adding new region to list
SWAMP_FOREST created.
done
SWAMP_FOREST area: 4
Adding new region to list
SWAMP_FOREST created.
done
SWAMP_FOREST area: 3
Adding new region to list
SWAMP_FOREST created.
done
SWAMP_FOREST area: 5
Adding new region to list
SWAMP_FOREST created.
done
SWAMP_FOREST area: 5
Adding new region to list
SWAMP_FOREST created.
done
SWAMP_FOREST area: 4
Adding new region to list
SWAMP_FOREST created.
done
SWAMP_FOREST area: 3
Adding new region to list
SWAMP_FOREST created.
done
SWAMP_FOREST area: 1
Adding new region to list
SWAMP_FOREST created.
done
SWAMP_FOREST area: 1
Adding new region to list
SWAMP_FOREST created.
done
SWAMP_FOREST area: 1
Adding new region to list
SWAMP_FOREST created.
done
SWAMP_FOREST area: 1
Adding new region to list
SWAMP_FOREST created.
done
SWAMP_FOREST area: 1
Adding new region to list
SWAMP_FOREST created.
done
SWAMP_FOREST area: 1
Adding new region to list
SWAMP_FOREST created.
done
SWAMP_FOREST area: 1
Adding new region to list
SWAMP_FOREST created.
done
SWAMP_FOREST area: 1
Adding new region to list
SWAMP_FOREST created.
done
SWAMP_FOREST area: 1
Adding new region to list
SWAMP_FOREST created.
done
SWAMP_FOREST area: 1
Adding new region to list
SWAMP_FOREST created.
done
SWAMP_FOREST area: 1
Adding new region to list
SWAMP_FOREST created.
done
SWAMP_FOREST area: 1
Adding new region to list
SWAMP_FOREST created.
done
SWAMP_FOREST area: 1
Adding new region to list
SWAMP_FOREST created.
done
SWAMP_FOREST area: 1
Adding new region to list
SWAMP_FOREST created.
done
SWAMP_FOREST area: 1
Adding new region to list
SWAMP_FOREST created.
done
SWAMP_FOREST area: 1
Adding new region to list
SWAMP_FOREST created.
done
SWAMP_FOREST area: 1
Adding new region to list
SWAMP_FOREST created.
done
SWAMP_FOREST area: 1
Adding new region to list
SWAMP_FOREST created.
done
SWAMP_FOREST area: 1
Adding new region to list
SWAMP_FOREST created.
done
SWAMP_FOREST area: 1
Adding new region to list
SWAMP_FOREST created.
done
SWAMP_FOREST area: 1
Adding new region to list
SWAMP_FOREST created.
done
SWAMP_FOREST area: 1
Adding new region to list
SWAMP_FOREST created.
done
SWAMP_FOREST area: 1
Adding new region to list
SWAMP_FOREST created.
done
SWAMP_FOREST area: 1
Adding new region to list
SWAMP_FOREST created.
done
SWAMP_FOREST area: 1
Adding new region to list
SWAMP_FOREST created.
done
SWAMP_FOREST area: 1
Adding new region to list
SWAMP_FOREST created.
done
SWAMP_FOREST area: 1
Adding new region to list
SWAMP_FOREST created.
done
SWAMP_FOREST area: 1
Adding new region to list
SWAMP_FOREST created.
done
SWAMP_FOREST area: 1
Adding new region to list
SWAMP_FOREST created.
done
SWAMP_FOREST area: 1
Adding new region to list
SWAMP_FOREST created.
done
SWAMP_FOREST area: 1
Adding new region to list
SWAMP_FOREST created.
done
SWAMP_FOREST area: 1
Adding new region to list
SWAMP_FOREST created.
done
SWAMP_FOREST area: 1
Adding new region to list
SWAMP_FOREST created.
done
SWAMP_FOREST area: 1
Adding new region to list
SWAMP_FOREST created.
done
SWAMP_FOREST area: 1
Adding new region to list
SWAMP_FOREST created.
done
SWAMP_FOREST area: 1
Adding new region to list
SWAMP_FOREST created.
done
SWAMP_FOREST area: 1
Adding new region to list
SWAMP_FOREST created.
done
SWAMP_FOREST area: 1
Adding new region to list
SWAMP_FOREST created.
done
SWAMP_FOREST area: 1
Adding new region to list
SWAMP_FOREST created.
done
SWAMP_FOREST area: 1
Adding new region to list
SWAMP_FOREST created.
done
SWAMP_FOREST area: 1
Adding new region to list
SWAMP_FOREST created.
done
SWAMP_FOREST area: 1
Adding new region to list
SWAMP_FOREST created.
done
SWAMP_FOREST area: 1
Adding new region to list
SWAMP_FOREST created.
done
SWAMP_FOREST area: 1
Adding new region to list
SWAMP_FOREST created.
done
SWAMP_FOREST area: 1
Adding new region to list
SWAMP_FOREST created.
done
SWAMP_FOREST area: 1
Adding new region to list
SWAMP_FOREST created.
done
SWAMP_FOREST area: 1
Adding new region to list
SWAMP_FOREST created.
done
SWAMP_FOREST area: 1
Adding new region to list
SWAMP_FOREST created.
done
SWAMP_FOREST area: 1
Adding new region to list
SWAMP_FOREST created.
done
SWAMP_FOREST area: 1
Adding new region to list
SWAMP_FOREST created.
done
SWAMP_FOREST area: 1
Adding new region to list
SWAMP_FOREST created.
done
SWAMP_FOREST area: 1
Adding new region to list
SWAMP_FOREST created.
done
SWAMP_FOREST area: 1
Adding new region to list
SWAMP_FOREST created.
done
SWAMP_FOREST area: 1
Adding new region to list
SWAMP_FOREST created.
done
SWAMP_FOREST area: 1
Adding new region to list
SWAMP_FOREST created.
done
SWAMP_FOREST area: 1
Adding new region to list
SWAMP_FOREST created.
done
SWAMP_FOREST area: 1
Adding new region to list
SWAMP_FOREST created.
done
SWAMP_FOREST area: 1
Adding new region to list
SWAMP_FOREST created.
done
SWAMP_FOREST area: 1
Adding new region to list
SWAMP_FOREST created.
done
SWAMP_FOREST area: 1
Adding new region to list
SWAMP_FOREST created.
done
SWAMP_FOREST area: 1
Adding new region to list
SWAMP_FOREST created.
done
SWAMP_FOREST area: 1
Adding new region to list
SWAMP_FOREST created.
done
SWAMP_FOREST area: 1
Adding new region to list
SWAMP_FOREST created.
done
SWAMP_FOREST area: 1
Adding new region to list
SWAMP_FOREST created.
done
SWAMP_FOREST area: 1
Adding new region to list
SWAMP_FOREST created.
done
SWAMP_FOREST area: 1
Adding new region to list
SWAMP_FOREST created.
done
SWAMP_FOREST area: 1
Adding new region to list
SWAMP_FOREST created.
done
SWAMP_FOREST area: 1
Adding new region to list
SWAMP_FOREST created.
done
SWAMP_FOREST area: 1
Adding new region to list
SWAMP_FOREST created.
done
SWAMP_FOREST area: 1
Adding new region to list
SWAMP_FOREST created.
done
SWAMP_FOREST area: 1
Adding new region to list
SWAMP_FOREST created.
done
SWAMP_FOREST area: 1
Adding new region to list
SWAMP_FOREST created.
done
SWAMP_FOREST area: 1
Adding new region to list
SWAMP_FOREST created.
done
SWAMP_FOREST area: 1
Adding new region to list
SWAMP_FOREST created.
done
SWAMP_FOREST area: 1
Adding new region to list
SWAMP_FOREST created.
done
SWAMP_FOREST area: 1
Adding new region to list
SWAMP_FOREST created.
done
SWAMP_FOREST area: 1
Adding new region to list
SWAMP_FOREST created.
done
SWAMP_FOREST area: 1
Adding new region to list
SWAMP_FOREST created.
done
SWAMP_FOREST area: 1
Adding new region to list
SWAMP_FOREST created.
done
SWAMP_FOREST area: 1
Adding new region to list
SWAMP_FOREST created.
done
SWAMP_FOREST area: 1
Adding new region to list
SWAMP_FOREST created.
done
SWAMP_FOREST area: 1
Adding new region to list
SWAMP_FOREST created.
done
SWAMP_FOREST area: 1
Adding new region to list
SWAMP_FOREST created.
done
SWAMP_FOREST area: 1
Adding new region to list
SWAMP_FOREST created.
done
SWAMP_FOREST area: 1
Adding new region to list
SWAMP_FOREST created.
done
SWAMP_FOREST area: 1
Adding new region to list
SWAMP_FOREST created.
done
SWAMP_FOREST area: 1
Adding new region to list
SWAMP_FOREST created.
done
SWAMP_FOREST area: 1
Adding new region to list
SWAMP_FOREST created.
done
SWAMP_FOREST area: 1
Adding new region to list
SWAMP_FOREST created.
done
SWAMP_FOREST area: 1
Adding new region to list
SWAMP_FOREST created.
done
SWAMP_FOREST area: 1
Adding new region to list
SWAMP_FOREST created.
done
SWAMP_FOREST area: 1
Adding new region to list
SWAMP_FOREST created.
done
SWAMP_FOREST area: 1
Adding new region to list
SWAMP_FOREST created.
done
SWAMP_FOREST area: 1
Adding new region to list
SWAMP_FOREST created.
done
SWAMP_FOREST area: 1
Adding new region to list
SWAMP_FOREST created.
done
SWAMP_FOREST area: 1
Adding new region to list
SWAMP_FOREST created.
done
SWAMP_FOREST area: 1
Adding new region to list
SWAMP_FOREST created.
done
SWAMP_FOREST area: 1
Adding new region to list
SWAMP_FOREST created.
done
SWAMP_FOREST area: 1
Adding new region to list
SWAMP_FOREST created.
done
SWAMP_FOREST area: 1
Adding new region to list
SWAMP_FOREST created.
done
SWAMP_FOREST area: 1
Adding new region to list
SWAMP_FOREST created.
done
SWAMP_FOREST area: 1
Adding new region to list
SWAMP_FOREST created.
done
SWAMP_FOREST area: 1
Adding new region to list
SWAMP_FOREST created.
done
SWAMP_FOREST area: 1
Adding new region to list
SWAMP_FOREST created.
done
SWAMP_FOREST area: 1
Adding new region to list
SWAMP_FOREST created.
done
SWAMP_FOREST area: 1
Adding new region to list
SWAMP_FOREST created.
done
SWAMP_FOREST area: 1
Adding new region to list
SWAMP_FOREST created.
done
SWAMP_FOREST area: 1
Adding new region to list
SWAMP_FOREST created.
done
SWAMP_FOREST area: 1
Adding new region to list
SWAMP_FOREST created.
done
SWAMP_FOREST area: 1
Adding new region to list
SWAMP_FOREST created.
done
SWAMP_FOREST area: 1
Adding new region to list
SWAMP_FOREST created.
done
SWAMP_FOREST area: 1
Adding new region to list
SWAMP_FOREST created.
done
SWAMP_FOREST area: 1
Adding new region to list
SWAMP_FOREST created.
done
SWAMP_FOREST area: 1
Adding new region to list
SWAMP_FOREST created.
done
SWAMP_FOREST area: 1
Adding new region to list
SWAMP_FOREST created.
done
SWAMP_FOREST area: 1
Adding new region to list
SWAMP_FOREST created.
done
SWAMP_FOREST area: 1
Adding new region to list
SWAMP_FOREST created.
done
SWAMP_FOREST area: 1
Adding new region to list
SWAMP_FOREST created.
done
SWAMP_FOREST area: 1
Adding new region to list
SWAMP_FOREST created.
done
SWAMP_FOREST area: 1
Adding new region to list
SWAMP_FOREST created.
done
SWAMP_FOREST area: 1
Adding new region to list
SWAMP_FOREST created.
done
SWAMP_FOREST area: 1
Adding new region to list
SWAMP_FOREST created.
done
SWAMP_FOREST area: 1
Adding new region to list
SWAMP_FOREST created.
done
SWAMP_FOREST area: 1
Adding new region to list
SWAMP_FOREST created.
done
SWAMP_FOREST area: 1
Adding new region to list
SWAMP_FOREST created.
done
SWAMP_FOREST area: 1
Adding new region to list
SWAMP_FOREST created.
done
SWAMP_FOREST area: 1
Adding new region to list
SWAMP_FOREST created.
done
SWAMP_FOREST area: 1
Adding new region to list
SWAMP_FOREST created.
done
SWAMP_FOREST area: 1
Adding new region to list
SWAMP_FOREST created.
done
SWAMP_FOREST area: 1
Adding new region to list
SWAMP_FOREST created.
done
SWAMP_FOREST area: 1
Adding new region to list
SWAMP_FOREST created.
done
SWAMP_FOREST area: 1
Adding new region to list
SWAMP_FOREST created.
done
SWAMP_FOREST area: 1
Adding new region to list
SWAMP_FOREST created.
done
SWAMP_FOREST area: 1
Adding new region to list
SWAMP_FOREST created.
done
SWAMP_FOREST area: 1
Adding new region to list
SWAMP_FOREST created.
done
SWAMP_FOREST area: 1
Adding new region to list
SWAMP_FOREST created.
done
SWAMP_FOREST area: 1
Adding new region to list
SWAMP_FOREST created.
done
SWAMP_FOREST area: 1
Adding new region to list
SWAMP_FOREST created.
done
SWAMP_FOREST area: 1
Adding new region to list
SWAMP_FOREST created.
done
SWAMP_FOREST area: 1
Adding new region to list
SWAMP_FOREST created.
done
SWAMP_FOREST area: 1
Adding new region to list
SWAMP_FOREST created.
done
SWAMP_FOREST area: 1
Adding new region to list
SWAMP_FOREST created.
done
SWAMP_FOREST area: 1
Adding new region to list
SWAMP_FOREST created.
done
SWAMP_FOREST area: 1
Adding new region to list
SWAMP_FOREST created.
done
SWAMP_FOREST area: 1
Adding new region to list
SWAMP_FOREST created.
done
SWAMP_FOREST area: 1
Adding new region to list
SWAMP_FOREST created.
done
SWAMP_FOREST area: 1
Adding new region to list
SWAMP_FOREST created.
done
SWAMP_FOREST area: 1
Adding new region to list
SWAMP_FOREST created.
done
SWAMP_FOREST area: 1
Adding new region to list
SWAMP_FOREST created.
done
SWAMP_FOREST area: 1
Adding new region to list
SWAMP_FOREST created.
done
SWAMP_FOREST area: 1
Adding new region to list
SWAMP_FOREST created.
done
SWAMP_FOREST area: 1
Adding new region to list
SWAMP_FOREST created.
done
SWAMP_FOREST area: 1
Adding new region to list
SWAMP_FOREST created.
done
SWAMP_FOREST area: 1
Adding new region to list
SWAMP_FOREST created.
done
SWAMP_FOREST area: 1
Adding new region to list
SWAMP_FOREST created.
done
SWAMP_FOREST area: 1
Adding new region to list
SWAMP_FOREST created.
done
SWAMP_FOREST area: 1
Adding new region to list
SWAMP_FOREST created.
done
SWAMP_FOREST area: 1
Adding new region to list
SWAMP_FOREST created.
done
SWAMP_FOREST area: 1
Adding new region to list
SWAMP_FOREST created.
done
SWAMP_FOREST area: 1
Adding new region to list
SWAMP_FOREST created.
done
SWAMP_FOREST area: 1
Adding new region to list
SWAMP_FOREST created.
done
SWAMP_FOREST area: 1
Adding new region to list
SWAMP_FOREST created.
done
SWAMP_FOREST area: 1
Adding new region to list
SWAMP_FOREST created.
done
SWAMP_FOREST area: 1
Adding new region to list
SWAMP_FOREST created.
done
SWAMP_FOREST area: 1
Adding new region to list
SWAMP_FOREST created.
done
SWAMP_FOREST area: 1
Adding new region to list
SWAMP_FOREST created.
done
SWAMP_FOREST area: 1
Adding new region to list
SWAMP_FOREST created.
done
SWAMP_FOREST area: 1
Adding new region to list
SWAMP_FOREST created.
done
SWAMP_FOREST area: 1
Adding new region to list
SWAMP_FOREST created.
done
SWAMP_FOREST area: 1
Adding new region to list
SWAMP_FOREST created.
done
SWAMP_FOREST area: 1
Adding new region to list
SWAMP_FOREST created.
done
SWAMP_FOREST area: 1
Adding new region to list
SWAMP_FOREST created.
done
SWAMP_FOREST area: 1
Adding new region to list
SWAMP_FOREST created.
done
SWAMP_FOREST area: 1
Adding new region to list
SWAMP_FOREST created.
done
SWAMP_FOREST area: 1
Adding new region to list
SWAMP_FOREST created.
done
SWAMP_FOREST area: 1
Adding new region to list
SWAMP_FOREST created.
done
SWAMP_FOREST area: 1
Adding new region to list
SWAMP_FOREST created.
done
SWAMP_FOREST area: 1
Adding new region to list
SWAMP_FOREST created.
done
SWAMP_FOREST area: 1
Adding new region to list
SWAMP_FOREST created.
done
SWAMP_FOREST area: 1
Adding new region to list
SWAMP_FOREST created.
done
SWAMP_FOREST area: 1
Adding new region to list
SWAMP_FOREST created.
done
SWAMP_FOREST area: 1
Adding new region to list
SWAMP_FOREST created.
done
SWAMP_FOREST area: 1
Adding new region to list
SWAMP_FOREST created.
done
SWAMP_FOREST area: 1
Adding new region to list
SWAMP_FOREST created.
done
SWAMP_FOREST area: 1
Adding new region to list
SWAMP_FOREST created.
done
SWAMP_FOREST area: 1
Adding new region to list
SWAMP_FOREST created.
done
SWAMP_FOREST area: 1
Adding new region to list
SWAMP_FOREST created.
done
SWAMP_FOREST area: 1
Adding new region to list
SWAMP_FOREST created.
done
SWAMP_FOREST area: 1
Adding new region to list
SWAMP_FOREST created.
done
SWAMP_FOREST area: 1
Adding new region to list
SWAMP_FOREST created.
done
SWAMP_FOREST area: 1
Adding new region to list
SWAMP_FOREST created.
done
SWAMP_FOREST area: 1
Adding new region to list
SWAMP_FOREST created.
done
SWAMP_FOREST area: 1
Adding new region to list
SWAMP_FOREST created.
done
SWAMP_FOREST area: 1
Adding new region to list
SWAMP_FOREST created.
done
SWAMP_FOREST area: 1
Adding new region to list
SWAMP_FOREST created.
done
SWAMP_FOREST area: 1
Adding new region to list
SWAMP_FOREST created.
done
SWAMP_FOREST area: 1
Adding new region to list
SWAMP_FOREST created.
done
SWAMP_FOREST area: 1
Adding new region to list
SWAMP_FOREST created.
done
SWAMP_FOREST area: 1
Adding new region to list
SWAMP_FOREST created.
done
SWAMP_FOREST area: 1
Adding new region to list
SWAMP_FOREST created.
done
SWAMP_FOREST area: 1
Adding new region to list
SWAMP_FOREST created.
done
SWAMP_FOREST area: 1
Adding new region to list
SWAMP_FOREST created.
done
SWAMP_FOREST area: 1
Adding new region to list
SWAMP_FOREST created.
done
SWAMP_FOREST area: 1
Adding new region to list
SWAMP_FOREST created.
done
SWAMP_FOREST area: 1
Adding new region to list
SWAMP_FOREST created.
done
SWAMP_FOREST area: 1
Adding new region to list
SWAMP_FOREST created.
done
SWAMP_FOREST area: 1
Adding new region to list
SWAMP_FOREST created.
done
SWAMP_FOREST area: 1
Adding new region to list
SWAMP_FOREST created.
done
SWAMP_FOREST area: 1
Adding new region to list
SWAMP_FOREST created.
done
SWAMP_FOREST area: 1
Adding new region to list
SWAMP_FOREST created.
done
SWAMP_FOREST area: 1
Adding new region to list
SWAMP_FOREST created.
done
SWAMP_FOREST area: 1
Adding new region to list
SWAMP_FOREST created.
done
SWAMP_FOREST area: 1
Adding new region to list
SWAMP_FOREST created.
done
SWAMP_FOREST area: 1
Adding new region to list
SWAMP_FOREST created.
done
SWAMP_FOREST area: 1
Adding new region to list
SWAMP_FOREST created.
done
SWAMP_FOREST area: 1
Adding new region to list
SWAMP_FOREST created.
done
SWAMP_FOREST area: 1
Adding new region to list
SWAMP_FOREST created.
done
SWAMP_FOREST area: 1
Adding new region to list
SWAMP_FOREST created.
done
SWAMP_FOREST area: 1
Adding new region to list
SWAMP_FOREST created.
done
SWAMP_FOREST area: 1
Adding new region to list
SWAMP_FOREST created.
done
SWAMP_FOREST area: 1
Adding new region to list
SWAMP_FOREST created.
done
SWAMP_FOREST area: 1
Adding new region to list
SWAMP_FOREST created.
done
SWAMP_FOREST area: 1
Adding new region to list
SWAMP_FOREST created.
done
SWAMP_FOREST area: 1
Adding new region to list
SWAMP_FOREST created.
done
SWAMP_FOREST area: 1
Adding new region to list
SWAMP_FOREST created.
done
SWAMP_FOREST area: 1
Adding new region to list
SWAMP_FOREST created.
done
SWAMP_FOREST area: 1
Adding new region to list
SWAMP_FOREST created.
done
SWAMP_FOREST area: 1
Adding new region to list
SWAMP_FOREST created.
done
SWAMP_FOREST area: 1
Adding new region to list
SWAMP_FOREST created.
done
SWAMP_FOREST area: 1
Adding new region to list
SWAMP_FOREST created.
done
SWAMP_FOREST area: 1
Adding new region to list
SWAMP_FOREST created.
done
SWAMP_FOREST area: 1
Adding new region to list
SWAMP_FOREST created.
done
SWAMP_FOREST area: 1
Adding new region to list
SWAMP_FOREST created.
done
SWAMP_FOREST area: 1
Adding new region to list
SWAMP_FOREST created.
done
SWAMP_FOREST area: 1
Adding new region to list
SWAMP_FOREST created.
done
SWAMP_FOREST area: 1
Adding new region to list
SWAMP_FOREST created.
done
SWAMP_FOREST area: 1
Adding new region to list
SWAMP_FOREST created.
done
SWAMP_FOREST area: 1
Adding new region to list
SWAMP_FOREST created.
done
SWAMP_FOREST area: 1
Adding new region to list
SWAMP_FOREST created.
done
SWAMP_FOREST area: 1
Adding new region to list
SWAMP_FOREST created.
done
SWAMP_FOREST area: 1
Adding new region to list
SWAMP_FOREST created.
done
SWAMP_FOREST area: 1
Adding new region to list
SWAMP_FOREST created.
done
SWAMP_FOREST area: 1
Adding new region to list
SWAMP_FOREST created.
done
SWAMP_FOREST area: 1
Adding new region to list
SWAMP_FOREST created.
done
SWAMP_FOREST area: 1
Adding new region to list
SWAMP_FOREST created.
done
SWAMP_FOREST area: 1
Adding new region to list
SWAMP_FOREST created.
done
SWAMP_FOREST area: 1
Adding new region to list
SWAMP_FOREST created.
done
SWAMP_FOREST area: 1
Adding new region to list
SWAMP_FOREST created.
done
SWAMP_FOREST area: 1
Adding new region to list
SWAMP_FOREST created.
done
SWAMP_FOREST area: 1
Adding new region to list
SWAMP_FOREST created.
done
SWAMP_FOREST area: 1
Adding new region to list
SWAMP_FOREST created.
done
SWAMP_FOREST area: 1
Adding new region to list
SWAMP_FOREST created.
done
SWAMP_FOREST area: 1
Adding new region to list
SWAMP_FOREST created.
done
SWAMP_FOREST area: 1
Adding new region to list
SWAMP_FOREST created.
done
SWAMP_FOREST area: 1
Adding new region to list
SWAMP_FOREST created.
done
SWAMP_FOREST area: 1
Adding new region to list
SWAMP_FOREST created.
done
SWAMP_FOREST area: 1
Adding new region to list
SWAMP_FOREST created.
done
SWAMP_FOREST area: 1
Adding new region to list
SWAMP_FOREST created.
done
SWAMP_FOREST area: 1
Adding new region to list
SWAMP_FOREST created.
done
SWAMP_FOREST area: 1
Adding new region to list
SWAMP_FOREST created.
done
SWAMP_FOREST area: 1
Adding new region to list
SWAMP_FOREST created.
done
SWAMP_FOREST area: 1
Adding new region to list
SWAMP_FOREST created.
done
SWAMP_FOREST area: 1
Adding new region to list
SWAMP_FOREST created.
done
SWAMP_FOREST area: 1
[...]
mp#27;[0m&amp#27;[34m▓&amp#27;[0m&amp#27;[32m▒&amp#27;[0m&amp#27;[34m▓&amp#27;[0m&amp#27;[32m▒&amp#27;[0m&amp#27;[34m▓&amp#27;[0m&amp#27;[34m▓&amp#27;[0m&amp#27;[33m▓&amp#27;[0m&amp#27;[34m▓&amp#27;[0m&amp#27;[34m▓&amp#27;[0m&amp#27;[34m▓&amp#27;[0m&amp#27;[32m▓&amp#27;[0m&amp#27;[34m▓&amp#27;[0m&amp#27;[32m░&amp#27;[0m&amp#27;[34m▓&amp#27;[0m&amp#27;[32m▒&amp#27;[0m&amp#27;[32m░&amp#27;[0m&amp#27;[32m░&amp#27;[0m&amp#27;[32m░&amp#27;[0m&amp#27;[32m░&amp#27;[0m&amp#27;[32m░&amp#27;[0m&amp#27;[32m░&amp#27;[0m&amp#27;[32m░&amp#27;[0m&amp#27;[32m▒&amp#27;[0m&amp#27;[32m▒&amp#27;[0m&amp#27;[33m▓&amp#27;[0m&amp#27;[32m▒&amp#27;[0m&amp#27;[32m▒&amp#27;[0m&amp#27;[32m▓&amp#27;[0m&amp#27;[32m▓&amp#27;[0m&amp#27;[32m▓&amp#27;[0m&amp#27;[32m▒&amp#27;[0m&amp#27;[32m▒&amp#27;[0m&amp#27;[34m▓&amp#27;[0m&amp#27;[32m▒&amp#27;[0m&amp#27;[32m▒&amp#27;[0m&amp#27;[34m▓&amp#27;[0m&amp#27;[32m░&amp#27;[0m&amp#27;[32m░&amp#27;[0m&amp#27;[32m░&amp#27;[0m&amp#27;[32m░&amp#27;[0m&amp#27;[32m░&amp#27;[0m&amp#27;[32m░&amp#27;[0m&amp#27;[32m░&amp#27;[0m&amp#27;[32m▓&amp#27;[0m&amp#27;[32m▒&amp#27;[0m&amp#27;[32m▓&amp#27;[0m&amp#27;[32m▓&amp#27;[0m&amp#27;[32m▓&amp#27;[0m&amp#27;[32m▒&amp#27;[0m&amp#27;[32m▓&amp#27;[0m&amp#27;[32m▓&amp#27;[0m&amp#27;[32m▓&amp#27;[0m&amp#27;[32m▒&amp#27;[0m&amp#27;[32m▓&amp#27;[0m&amp#27;[32m▓&amp#27;[0m&amp#27;[32m▓&amp#27;[0m&amp#27;[32m▓&amp#27;[0m&amp#27;[32m▓&amp#27;[0m&amp#27;[32m▓&amp#27;[0m&amp#27;[32m▓&amp#27;[0m&amp#27;[32m░&amp#27;[0m&amp#27;[32m░&amp#27;[0m&amp#27;[32m░&amp#27;[0m&amp#27;[32m░&amp#27;[0m&amp#27;[32m░&amp#27;[0m&amp#27;[32m▒&amp#27;[0m&amp#27;[32m░&amp#27;[0m&amp#27;[32m░&amp#27;[0m&amp#27;[32m▓&amp#27;[0m&amp#27;[34m▓&amp#27;[0m&amp#27;[34m▓&amp#27;[0m&amp#27;[34m▓&amp#27;[0m&amp#27;[34m▓&amp#27;[0m&amp#27;[32m▒&amp#27;[0m&amp#27;[32m▒&amp#27;[0m&amp#27;[32m░&amp#27;[0m&amp#27;[32m▒&amp#27;[0m&amp#27;[32m░&amp#27;[0m&amp#27;[32m░&amp#27;[0m&amp#27;[32m░&amp#27;[0m&amp#27;[32m░&amp#27;[0m&amp#27;[32m░&amp#27;[0m&amp#27;[32m░&amp#27;[0m&amp#27;[32m░&amp#27;[0m&amp#27;[32m░&amp#27;[0m&amp#27;[32m░&amp#27;[0m&amp#27;[32m░&amp#27;[0m&amp#27;[32m░&amp#27;[0m&amp#27;[32m░&amp#27;[0m&amp#27;[33m▓&amp#27;[0m&amp#27;[33m▓&amp#27;[0m&amp#27;[33m▓&amp#27;[0m&amp#27;[33m▓&amp#27;[0m&amp#27;[33m▓&amp#27;[0m&amp#27;[32m▒&amp#27;[0m&amp#27;[33m▓&amp#27;[0m&amp#27;[34m▓&amp#27;[0m&amp#27;[34m▓&amp#27;[0m&amp#27;[34m▓&amp#27;[0m&amp#27;[32m▒&amp#27;[0m&amp#27;[32m█&amp#27;[0m&amp#27;[32m▒&amp#27;[0m&amp#27;[34m▓&amp#27;[0m&amp#27;[32m░&amp#27;[0m&amp#27;[32m░&amp#27;[0m&amp#27;[32m░&amp#27;[0m&amp#27;[32m░&amp#27;[0m&amp#27;[32m░&amp#27;[0m&amp#27;[32m█&amp#27;[0m&amp#27;[32m█&amp#27;[0m&amp#27;[33m▓&amp#27;[0m&amp#27;[32m█&amp#27;[0m&amp#27;[32m█&amp#27;[0m&amp#27;[32m█&amp#27;[0m&amp#27;[32m█&amp#27;[0m&amp#27;[34m▓&amp#27;[0m&amp#27;[34m▓&amp#27;[0m&amp#27;[34m▓&amp#27;[0m&amp#27;[32m▓&amp#27;[0m&amp#27;[32m█&amp#27;[0m&amp#27;[32m▒&amp#27;[0m&amp#27;[32m█&amp#27;[0m&amp#27;[32m▓&amp#27;[0m&amp#27;[32m▓&amp#27;[0m&amp#27;[32m▓&amp#27;[0m&amp#27;[32m▓&amp#27;[0m&amp#27;[32m▓&amp#27;[0m&amp#27;[32m▓&amp#27;[0m&amp#27;[34m▓&amp#27;[0m&amp#27;[33m▓&amp#27;[0m&amp#27;[34m▓&amp#27;[0m&amp#27;[32m░&amp#27;[0m&amp#27;[32m▒&amp#27;[0m&amp#27;[32m░&amp#27;[0m&amp#27;[32m░&amp#27;[0m&amp#27;[32m░&amp#27;[0m&amp#27;[33m▓&amp#27;[0m&amp#27;[33m▓&amp#27;[0m&amp#27;[33m▓&amp#27;[0m&amp#27;[32m░&amp#27;[0m&amp#27;[32m░&amp#27;[0m&amp#27;[32m▒&amp#27;[0m&amp#27;[32m▒&amp#27;[0m&amp#27;[32m▓&amp#27;[0m&amp#27;[32m▓&amp#27;[0m&amp#27;[32m▓&amp#27;[0m&amp#27;[32m▓&amp#27;[0m&amp#27;[32m▓&amp#27;[0m&amp#27;[32m▓&amp#27;[0m&amp#27;[32m▓&amp#27;[0m&amp#27;[33m▓&amp#27;[0m&amp#27;[32m▓&amp#27;[0m&amp#27;[32m▓&amp#27;[0m&amp#27;[32m▓&amp#27;[0m&amp#27;[32m▓&amp#27;[0m&amp#27;[32m▓&amp#27;[0m&amp#27;[32m▓&amp#27;[0m&amp#27;[32m▓&amp#27;[0m&amp#27;[32m▓&amp#27;[0m&amp#27;[32m▒&amp#27;[0m&amp#27;[32m▓&amp#27;[0m&amp#27;[32m▓&amp#27;[0m&amp#27;[32m▓&amp#27;[0m&amp#27;[32m▒&amp#27;[0m&amp#27;[32m▓&amp#27;[0m&amp#27;[32m░&amp#27;[0m&amp#27;[32m░&amp#27;[0m&amp#27;[32m▒&amp#27;[0m&amp#27;[32m░&amp#27;[0m&amp#27;[32m░&amp#27;[0m&amp#27;[32m░&amp#27;[0m&amp#27;[32m▒&amp#27;[0m&amp#27;[34m▓&amp#27;[0m&amp#27;[34m▓&amp#27;[0m&amp#27;[34m▓&amp#27;[0m&amp#27;[32m░&amp#27;[0m&amp#27;[34m▓&amp#27;[0m&amp#27;[34m▓&amp#27;[0m&amp#27;[34m▓&amp#27;[0m&amp#27;[32m▓&amp#27;[0m&amp#27;[32m▓&amp#27;[0m&amp#27;[32m▓&amp#27;[0m&amp#27;[34m▓&amp#27;[0m&amp#27;[34m▓&amp#27;[0m&amp#27;[32m░&amp#27;[0m&amp#27;[34m▓&amp#27;[0m&amp#27;[34m▓&amp#27;[0m&amp#27;[34m▓&amp#27;[0m&amp#27;[34m▓&amp#27;[0m&amp#27;[32m░&amp#27;[0m&amp#27;[32m░&amp#27;[0m&amp#27;[32m░&amp#27;[0m&amp#27;[32m░&amp#27;[0m&amp#27;[34m▓&amp#27;[0m&amp#27;[32m░&amp#27;[0m&amp#27;[34m▓&amp#27;[0m&amp#27;[34m▓&amp#27;[0m&amp#27;[34m▓&amp#27;[0m&amp#27;[34m▓&amp#27;[0m&amp#27;[34m▓&amp#27;[0m&amp#27;[33m▓&amp#27;[0m&amp#27;[33m▓&amp#27;[0m&amp#27;[33m▓&amp#27;[0m&amp#27;[34m▓&amp#27;[0m&amp#27;[34m▓&amp#27;[0m&amp#27;[34m▓&amp#27;[0m&amp#27;[34m▓&amp#27;[0m&amp#27;[34m▓&amp#27;[0m&amp#27;[34m▓&amp#27;[0m&amp#27;[32m█&amp#27;[0m&amp#27;[32m█&amp#27;[0m&amp#27;[32m█&amp#27;[0m&amp#27;[32m█&amp#27;[0m&amp#27;[32m█&amp#27;[0m&amp#27;[32m█&amp#27;[0m&amp#27;[32m█&amp#27;[0m&amp#27;[32m█&amp#27;[0m&amp#27;[32m█&amp#27;[0m&amp#27;[32m█&amp#27;[0m&amp#27;[32m█&amp#27;[0m&amp#27;[32m█&amp#27;[0m&amp#27;[32m█&amp#27;[0m&amp#27;[32m░&amp#27;[0m&amp#27;[32m░&amp#27;[0m&amp#27;[32m░&amp#27;[0m&amp#27;[32m░&amp#27;[0m&amp#27;[33m▓&amp#27;[0m&amp#27;[32m░&amp#27;[0m&amp#27;[32m▒&amp#27;[0m&amp#27;[32m░&amp#27;[0m&amp#27;[32m░&amp#27;[0m
&amp#27;[34m▓&amp#27;[0m&amp#27;[34m▓&amp#27;[0m&amp#27;[34m▓&amp#27;[0m&amp#27;[33m▓&amp#27;[0m&amp#27;[33m▓&amp#27;[0m&amp#27;[34m▓&amp#27;[0m&amp#27;[33m▓&amp#27;[0m&amp#27;[34m▓&amp#27;[0m&amp#27;[34m▓&amp#27;[0m&amp#27;[34m▓&amp#27;[0m&amp#27;[33m▓&amp#27;[0m&amp#27;[32m█&amp#27;[0m&amp#27;[33m▓&amp#27;[0m&amp#27;[32m█&amp#27;[0m&amp#27;[32m█&amp#27;[0m&amp#27;[32m█&amp#27;[0m&amp#27;[32m█&amp#27;[0m&amp#27;[32m█&amp#27;[0m&amp#27;[32m█&amp#27;[0m&amp#27;[34m▓&amp#27;[0m&amp#27;[33m▓&amp#27;[0m&amp#27;[34m▓&amp#27;[0m&amp#27;[34m▓&amp#27;[0m&amp#27;[32m▓&amp#27;[0m&amp#27;[32m▓&amp#27;[0m&amp#27;[32m▓&amp#27;[0m&amp#27;[34m▓&amp#27;[0m&amp#27;[32m▓&amp#27;[0m&amp#27;[33m▓&amp#27;[0m&amp#27;[34m▓&amp#27;[0m&amp#27;[34m▓&amp#27;[0m&amp#27;[34m▓&amp#27;[0m&amp#27;[33m▓&amp#27;[0m&amp#27;[32m▓&amp#27;[0m&amp#27;[32m░&amp#27;[0m&amp#27;[32m░&amp#27;[0m&amp#27;[33m▓&amp#27;[0m&amp#27;[32m░&amp#27;[0m&amp#27;[33m▓&amp#27;[0m&amp#27;[32m░&amp#27;[0m&amp#27;[32m░&amp#27;[0m&amp#27;[32m░&amp#27;[0m&amp#27;[32m░&amp#27;[0m&amp#27;[33m▓&amp#27;[0m&amp#27;[33m▓&amp#27;[0m&amp#27;[34m▓&amp#27;[0m&amp#27;[34m▓&amp#27;[0m&amp#27;[34m▓&amp#27;[0m&amp#27;[34m▓&amp#27;[0m&amp#27;[33m▓&amp#27;[0m&amp#27;[32m▒&amp#27;[0m&amp#27;[32m▒&amp#27;[0m&amp#27;[34m▓&amp#27;[0m&amp#27;[34m▓&amp#27;[0m&amp#27;[32m█&amp#27;[0m&amp#27;[34m▓&amp#27;[0m&amp#27;[34m▓&amp#27;[0m&amp#27;[32m▒&amp#27;[0m&amp#27;[34m▓&amp#27;[0m&amp#27;[34m▓&amp#27;[0m&amp#27;[32m▓&amp#27;[0m&amp#27;[34m▓&amp#27;[0m&amp#27;[32m▒&amp#27;[0m&amp#27;[32m▒&amp#27;[0m&amp#27;[32m▒&amp#27;[0m&amp#27;[32m▒&amp#27;[0m&amp#27;[34m▓&amp#27;[0m&amp#27;[32m▒&amp#27;[0m&amp#27;[34m▓&amp#27;[0m&amp#27;[34m▓&amp#27;[0m&amp#27;[34m▓&amp#27;[0m&amp#27;[34m▓&amp#27;[0m&amp#27;[32m▒&amp#27;[0m&amp#27;[34m▓&amp#27;[0m&amp#27;[32m▒&amp#27;[0m&amp#27;[32m░&amp#27;[0m&amp#27;[32m▒&amp#27;[0m&amp#27;[34m▓&amp#27;[0m&amp#27;[32m▒&amp#27;[0m&amp#27;[34m▓&amp#27;[0m&amp#27;[34m▓&amp#27;[0m&amp#27;[32m▒&amp#27;[0m&amp#27;[34m▓&amp#27;[0m&amp#27;[32m▒&amp#27;[0m&amp#27;[32m░&amp#27;[0m&amp#27;[32m▒&amp#27;[0m&amp#27;[32m░&amp#27;[0m&amp#27;[32m░&amp#27;[0m&amp#27;[32m░&amp#27;[0m&amp#27;[32m░&amp#27;[0m&amp#27;[32m░&amp#27;[0m&amp#27;[34m▓&amp#27;[0m&amp#27;[34m▓&amp#27;[0m&amp#27;[32m█&amp#27;[0m&amp#27;[34m▓&amp#27;[0m&amp#27;[32m▓&amp#27;[0m&amp#27;[32m▓&amp#27;[0m&amp#27;[32m▓&amp#27;[0m&amp#27;[32m▓&amp#27;[0m&amp#27;[32m▓&amp#27;[0m&amp#27;[34m▓&amp#27;[0m&amp#27;[34m▓&amp#27;[0m&amp#27;[32m▓&amp#27;[0m&amp#27;[34m▓&amp#27;[0m&amp#27;[34m▓&amp#27;[0m&amp#27;[32m░&amp#27;[0m&amp#27;[32m░&amp#27;[0m&amp#27;[32m░&amp#27;[0m&amp#27;[32m░&amp#27;[0m&amp#27;[32m█&amp#27;[0m&amp#27;[32m░&amp#27;[0m&amp#27;[32m▒&amp#27;[0m&amp#27;[32m░&amp#27;[0m&amp#27;[32m▒&amp#27;[0m&amp#27;[32m▒&amp#27;[0m&amp#27;[32m▓&amp#27;[0m&amp#27;[32m▓&amp#27;[0m&amp#27;[32m▓&amp#27;[0m&amp#27;[32m▓&amp#27;[0m&amp#27;[32m▓&amp#27;[0m&amp#27;[32m▓&amp#27;[0m&amp#27;[32m▓&amp#27;[0m&amp#27;[32m▒&amp#27;[0m&amp#27;[32m▓&amp#27;[0m&amp#27;[32m▓&amp#27;[0m&amp#27;[32m▓&amp#27;[0m&amp#27;[32m▓&amp#27;[0m&amp#27;[32m▓&amp#27;[0m&amp#27;[32m▓&amp#27;[0m&amp#27;[32m▒&amp#27;[0m&amp#27;[32m░&amp#27;[0m&amp#27;[32m░&amp#27;[0m&amp#27;[32m░&amp#27;[0m&amp#27;[32m▓&amp#27;[0m&amp#27;[32m░&amp#27;[0m&amp#27;[32m░&amp#27;[0m&amp#27;[32m░&amp#27;[0m&amp#27;[32m▒&amp#27;[0m&amp#27;[32m▒&amp#27;[0m&amp#27;[34m▓&amp#27;[0m&amp#27;[34m▓&amp#27;[0m&amp#27;[34m▓&amp#27;[0m&amp#27;[34m▓&amp#27;[0m&amp#27;[32m░&amp#27;[0m&amp#27;[32m░&amp#27;[0m&amp#27;[32m░&amp#27;[0m&amp#27;[32m▒&amp#27;[0m&amp#27;[32m░&amp#27;[0m&amp#27;[32m░&amp#27;[0m&amp#27;[32m░&amp#27;[0m&amp#27;[32m░&amp#27;[0m&amp#27;[32m░&amp#27;[0m&amp#27;[32m░&amp#27;[0m&amp#27;[32m░&amp#27;[0m&amp#27;[32m░&amp#27;[0m&amp#27;[32m░&amp#27;[0m&amp#27;[32m░&amp#27;[0m&amp#27;[32m░&amp#27;[0m&amp#27;[32m░&amp#27;[0m&amp#27;[33m▓&amp#27;[0m&amp#27;[32m▒&amp#27;[0m&amp#27;[33m▓&amp#27;[0m&amp#27;[33m▓&amp#27;[0m&amp#27;[32m▒&amp#27;[0m&amp#27;[34m▓&amp#27;[0m&amp#27;[34m▓&amp#27;[0m&amp#27;[34m▓&amp#27;[0m&amp#27;[34m▓&amp#27;[0m&amp#27;[32m░&amp#27;[0m&amp#27;[32m░&amp#27;[0m&amp#27;[32m░&amp#27;[0m&amp#27;[34m▓&amp#27;[0m&amp#27;[32m█&amp#27;[0m&amp#27;[32m░&amp#27;[0m&amp#27;[32m░&amp#27;[0m&amp#27;[32m░&amp#27;[0m&amp#27;[32m░&amp#27;[0m&amp#27;[32m░&amp#27;[0m&amp#27;[32m█&amp#27;[0m&amp#27;[32m█&amp#27;[0m&amp#27;[32m█&amp#27;[0m&amp#27;[32m█&amp#27;[0m&amp#27;[32m█&amp#27;[0m&amp#27;[32m▒&amp#27;[0m&amp#27;[34m▓&amp#27;[0m&amp#27;[34m▓&amp#27;[0m&amp#27;[34m▓&amp#27;[0m&amp#27;[32m█&amp#27;[0m&amp#27;[32m█&amp#27;[0m&amp#27;[32m█&amp#27;[0m&amp#27;[32m▒&amp#27;[0m&amp#27;[32m█&amp#27;[0m&amp#27;[32m▓&amp#27;[0m&amp#27;[32m▓&amp#27;[0m&amp#27;[32m▓&amp#27;[0m&amp#27;[32m▓&amp#27;[0m&amp#27;[34m▓&amp#27;[0m&amp#27;[34m▓&amp#27;[0m&amp#27;[34m▓&amp#27;[0m&amp#27;[34m▓&amp#27;[0m&amp#27;[32m░&amp#27;[0m&amp#27;[32m░&amp#27;[0m&amp#27;[32m▓&amp#27;[0m&amp#27;[32m░&amp#27;[0m&amp#27;[32m░&amp#27;[0m&amp#27;[32m▒&amp#27;[0m&amp#27;[32m▒&amp#27;[0m&amp#27;[33m▓&amp#27;[0m&amp#27;[32m░&amp#27;[0m&amp#27;[32m░&amp#27;[0m&amp#27;[32m░&amp#27;[0m&amp#27;[32m░&amp#27;[0m&amp#27;[32m▓&amp#27;[0m&amp#27;[32m▓&amp#27;[0m&amp#27;[32m▓&amp#27;[0m&amp#27;[32m▓&amp#27;[0m&amp#27;[32m▓&amp#27;[0m&amp#27;[32m▓&amp#27;[0m&amp#27;[32m▓&amp#27;[0m&amp#27;[32m▓&amp#27;[0m&amp#27;[32m▒&amp#27;[0m&amp#27;[32m▓&amp#27;[0m&amp#27;[32m▓&amp#27;[0m&amp#27;[32m▓&amp#27;[0m&amp#27;[32m▓&amp#27;[0m&amp#27;[32m▓&amp#27;[0m&amp#27;[32m▓&amp#27;[0m&amp#27;[32m▓&amp#27;[0m&amp#27;[32m▓&amp#27;[0m&amp#27;[32m▓&amp#27;[0m&amp#27;[32m▓&amp#27;[0m&amp#27;[32m▓&amp#27;[0m&amp#27;[32m▓&amp#27;[0m&amp#27;[32m░&amp#27;[0m&amp#27;[32m░&amp#27;[0m&amp#27;[32m░&amp#27;[0m&amp#27;[32m░&amp#27;[0m&amp#27;[32m░&amp#27;[0m&amp#27;[32m░&amp#27;[0m&amp#27;[32m░&amp#27;[0m&amp#27;[32m▒&amp#27;[0m&amp#27;[34m▓&amp#27;[0m&amp#27;[32m▒&amp#27;[0m&amp#27;[34m▓&amp#27;[0m&amp#27;[34m▓&amp#27;[0m&amp#27;[34m▓&amp#27;[0m&amp#27;[32m▒&amp#27;[0m&amp#27;[34m▓&amp#27;[0m&amp#27;[32m▓&amp#27;[0m&amp#27;[32m▓&amp#27;[0m&amp#27;[32m▓&amp#27;[0m&amp#27;[33m▓&amp#27;[0m&amp#27;[34m▓&amp#27;[0m&amp#27;[34m▓&amp#27;[0m&amp#27;[34m▓&amp#27;[0m&amp#27;[34m▓&amp#27;[0m&amp#27;[34m▓&amp#27;[0m&amp#27;[34m▓&amp#27;[0m&amp#27;[32m░&amp#27;[0m&amp#27;[32m░&amp#27;[0m&amp#27;[32m░&amp#27;[0m&amp#27;[32m█&amp#27;[0m&amp#27;[34m▓&amp#27;[0m&amp#27;[34m▓&amp#27;[0m&amp#27;[34m▓&amp#27;[0m&amp#27;[34m▓&amp#27;[0m&amp#27;[34m▓&amp#27;[0m&amp#27;[34m▓&amp#27;[0m&amp#27;[34m▓&amp#27;[0m&amp#27;[34m▓&amp#27;[0m&amp#27;[33m▓&amp#27;[0m&amp#27;[32m░&amp#27;[0m&amp#27;[34m▓&amp#27;[0m&amp#27;[32m░&amp#27;[0m&amp#27;[34m▓&amp#27;[0m&amp#27;[34m▓&amp#27;[0m&amp#27;[34m▓&amp#27;[0m&amp#27;[32m░&amp#27;[0m&amp#27;[34m▓&amp#27;[0m&amp#27;[32m█&amp#27;[0m&amp#27;[32m█&amp#27;[0m&amp#27;[32m█&amp#27;[0m&amp#27;[32m█&amp#27;[0m&amp#27;[32m█&amp#27;[0m&amp#27;[32m█&amp#27;[0m&amp#27;[32m█&amp#27;[0m&amp#27;[32m█&amp#27;[0m&amp#27;[32m█&amp#27;[0m&amp#27;[32m█&amp#27;[0m&amp#27;[32m█&amp#27;[0m&amp#27;[32m█&amp#27;[0m&amp#27;[32m░&amp#27;[0m&amp#27;[32m░&amp#27;[0m&amp#27;[32m░&amp#27;[0m&amp#27;[32m░&amp#27;[0m&amp#27;[32m█&amp#27;[0m&amp#27;[32m░&amp#27;[0m&amp#27;[32m░&amp#27;[0m&amp#27;[32m░&amp#27;[0m&amp#27;[32m░&amp#27;[0m
&amp#27;[33m▓&amp#27;[0m&amp#27;[33m▓&amp#27;[0m&amp#27;[34m▓&amp#27;[0m&amp#27;[34m▓&amp#27;[0m&amp#27;[33m▓&amp#27;[0m&amp#27;[34m▓&amp#27;[0m&amp#27;[34m▓&amp#27;[0m&amp#27;[34m▓&amp#27;[0m&amp#27;[33m▓&amp#27;[0m&amp#27;[34m▓&amp#27;[0m&amp#27;[32m█&amp#27;[0m&amp#27;[32m█&amp#27;[0m&amp#27;[32m█&amp#27;[0m&amp#27;[33m▓&amp#27;[0m&amp#27;[32m█&amp#27;[0m&amp#27;[33m▓&amp#27;[0m&amp#27;[32m█&amp#27;[0m&amp#27;[32m█&amp#27;[0m&amp#27;[32m█&amp#27;[0m&amp#27;[34m▓&amp#27;[0m&amp#27;[34m▓&amp#27;[0m&amp#27;[33m▓&amp#27;[0m&amp#27;[33m▓&amp#27;[0m&amp#27;[34m▓&amp#27;[0m&amp#27;[32m▓&amp#27;[0m&amp#27;[34m▓&amp#27;[0m&amp#27;[34m▓&amp#27;[0m&amp#27;[34m▓&amp#27;[0m&amp#27;[34m▓&amp#27;[0m&amp#27;[33m▓&amp#27;[0m&amp#27;[33m▓&amp#27;[0m&amp#27;[34m▓&amp#27;[0m&amp#27;[34m▓&amp#27;[0m&amp#27;[32m░&amp#27;[0m&amp#27;[32m░&amp#27;[0m&amp#27;[32m░&amp#27;[0m&amp#27;[32m░&amp#27;[0m&amp#27;[32m░&amp#27;[0m&amp#27;[33m▓&amp#27;[0m&amp#27;[33m▓&amp#27;[0m&amp#27;[32m░&amp#27;[0m&amp#27;[32m░&amp#27;[0m&amp#27;[32m░&amp#27;[0m&amp#27;[34m▓&amp#27;[0m&amp#27;[32m░&amp#27;[0m&amp#27;[33m▓&amp#27;[0m&amp#27;[33m▓&amp#27;[0m&amp#27;[34m▓&amp#27;[0m&amp#27;[34m▓&amp#27;[0m&amp#27;[34m▓&amp#27;[0m&amp#27;[34m▓&amp#27;[0m&amp#27;[32m▒&amp#27;[0m&amp#27;[34m▓&amp#27;[0m&amp#27;[34m▓&amp#27;[0m&amp#27;[34m▓&amp#27;[0m&amp#27;[34m▓&amp#27;[0m&amp#27;[34m▓&amp#27;[0m&amp#27;[34m▓&amp#27;[0m&amp#27;[34m▓&amp#27;[0m&amp#27;[34m▓&amp#27;[0m&amp#27;[32m▒&amp#27;[0m&amp#27;[34m▓&amp#27;[0m&amp#27;[34m▓&amp#27;[0m&amp#27;[34m▓&amp#27;[0m&amp#27;[34m▓&amp#27;[0m&amp#27;[34m▓&amp#27;[0m&amp#27;[34m▓&amp#27;[0m&amp#27;[32m▒&amp#27;[0m&amp#27;[34m▓&amp#27;[0m&amp#27;[34m▓&amp#27;[0m&amp#27;[34m▓&amp#27;[0m&amp#27;[34m▓&amp#27;[0m&amp#27;[32m▒&amp#27;[0m&amp#27;[34m▓&amp#27;[0m&amp#27;[34m▓&amp#27;[0m&amp#27;[34m▓&amp#27;[0m&amp#27;[34m▓&amp#27;[0m&amp#27;[34m▓&amp#27;[0m&amp#27;[34m▓&amp#27;[0m&amp#27;[34m▓&amp#27;[0m&amp#27;[34m▓&amp#27;[0m&amp#27;[34m▓&amp#27;[0m&amp#27;[34m▓&amp#27;[0m&amp#27;[32m▒&amp#27;[0m&amp#27;[34m▓&amp#27;[0m&amp#27;[32m▒&amp#27;[0m&amp#27;[32m░&amp#27;[0m&amp#27;[32m▒&amp#27;[0m&amp#27;[32m▒&amp#27;[0m&amp#27;[32m░&amp#27;[0m&amp#27;[34m▓&amp#27;[0m&amp#27;[32m▒&amp#27;[0m&amp#27;[32m█&amp#27;[0m&amp#27;[32m█&amp#27;[0m&amp#27;[32m▒&amp#27;[0m&amp#27;[32m▓&amp#27;[0m&amp#27;[32m▒&amp#27;[0m&amp#27;[32m▓&amp#27;[0m&amp#27;[32m▓&amp#27;[0m&amp#27;[32m▒&amp#27;[0m&amp#27;[32m▓&amp#27;[0m&amp#27;[34m▓&amp#27;[0m&amp#27;[34m▓&amp#27;[0m&amp#27;[32m▒&amp#27;[0m&amp#27;[32m▒&amp#27;[0m&amp#27;[34m▓&amp#27;[0m&amp#27;[32m▒&amp#27;[0m&amp#27;[32m░&amp#27;[0m&amp#27;[32m▒&amp#27;[0m&amp#27;[32m█&amp#27;[0m&amp#27;[32m█&amp#27;[0m&amp#27;[32m░&amp#27;[0m&amp#27;[32m░&amp#27;[0m&amp#27;[32m▓&amp#27;[0m&amp#27;[32m▓&amp#27;[0m&amp#27;[32m▓&amp#27;[0m&amp#27;[32m▒&amp#27;[0m&amp#27;[32m▒&amp#27;[0m&amp#27;[32m▓&amp#27;[0m&amp#27;[32m▓&amp#27;[0m&amp#27;[32m▓&amp#27;[0m&amp#27;[32m▓&amp#27;[0m&amp#27;[32m▓&amp#27;[0m&amp#27;[32m▓&amp#27;[0m&amp#27;[32m▒&amp#27;[0m&amp#27;[32m▒&amp#27;[0m&amp#27;[32m▓&amp#27;[0m&amp#27;[32m▒&amp#27;[0m&amp#27;[32m░&amp#27;[0m&amp#27;[32m░&amp#27;[0m&amp#27;[32m░&amp#27;[0m&amp#27;[32m░&amp#27;[0m&amp#27;[32m░&amp#27;[0m&amp#27;[32m░&amp#27;[0m&amp#27;[32m░&amp#27;[0m&amp#27;[32m░&amp#27;[0m&amp#27;[32m░&amp#27;[0m&amp#27;[34m▓&amp#27;[0m&amp#27;[34m▓&amp#27;[0m&amp#27;[34m▓&amp#27;[0m&amp#27;[34m▓&amp#27;[0m&amp#27;[32m░&amp#27;[0m&amp#27;[34m▓&amp#27;[0m&amp#27;[34m▓&amp#27;[0m&amp#27;[32m░&amp#27;[0m&amp#27;[32m░&amp#27;[0m&amp#27;[32m▒&amp#27;[0m&amp#27;[32m░&amp#27;[0m&amp#27;[32m░&amp#27;[0m&amp#27;[32m░&amp#27;[0m&amp#27;[32m░&amp#27;[0m&amp#27;[32m░&amp#27;[0m&amp#27;[32m░&amp#27;[0m&amp#27;[32m▒&amp#27;[0m&amp#27;[32m▓&amp#27;[0m&amp#27;[32m░&amp#27;[0m&amp#27;[32m▒&amp#27;[0m&amp#27;[32m░&amp#27;[0m&amp#27;[32m░&amp#27;[0m&amp#27;[32m░&amp#27;[0m&amp#27;[32m░&amp#27;[0m&amp#27;[32m░&amp#27;[0m&amp#27;[34m▓&amp#27;[0m&amp#27;[32m░&amp#27;[0m&amp#27;[32m▒&amp#27;[0m&amp#27;[32m▒&amp#27;[0m&amp#27;[34m▓&amp#27;[0m&amp#27;[34m▓&amp#27;[0m&amp#27;[32m░&amp#27;[0m&amp#27;[32m░&amp#27;[0m&amp#27;[32m░&amp#27;[0m&amp#27;[34m▓&amp#27;[0m&amp#27;[34m▓&amp#27;[0m&amp#27;[32m░&amp#27;[0m&amp#27;[32m█&amp#27;[0m&amp#27;[32m░&amp#27;[0m&amp#27;[32m░&amp#27;[0m&amp#27;[32m▒&amp#27;[0m&amp#27;[32m█&amp#27;[0m&amp#27;[32m█&amp#27;[0m&amp#27;[32m▒&amp#27;[0m&amp#27;[32m▒&amp#27;[0m&amp#27;[32m█&amp#27;[0m&amp#27;[34m▓&amp#27;[0m&amp#27;[32m▒&amp#27;[0m&amp#27;[32m▒&amp#27;[0m&amp#27;[34m▓&amp#27;[0m&amp#27;[32m█&amp#27;[0m&amp#27;[32m█&amp#27;[0m&amp#27;[32m█&amp#27;[0m&amp#27;[32m▒&amp#27;[0m&amp#27;[32m█&amp#27;[0m&amp#27;[32m▒&amp#27;[0m&amp#27;[32m▓&amp#27;[0m&amp#27;[32m▓&amp#27;[0m&amp#27;[32m▓&amp#27;[0m&amp#27;[34m▓&amp#27;[0m&amp#27;[34m▓&amp#27;[0m&amp#27;[32m▒&amp#27;[0m&amp#27;[34m▓&amp#27;[0m&amp#27;[32m░&amp#27;[0m&amp#27;[32m▒&amp#27;[0m&amp#27;[32m░&amp#27;[0m&amp#27;[32m░&amp#27;[0m&amp#27;[32m░&amp#27;[0m&amp#27;[32m░&amp#27;[0m&amp#27;[32m░&amp#27;[0m&amp#27;[32m░&amp#27;[0m&amp#27;[32m░&amp#27;[0m&amp#27;[32m░&amp#27;[0m&amp#27;[32m█&amp#27;[0m&amp#27;[32m▒&amp#27;[0m&amp#27;[32m░&amp#27;[0m&amp#27;[32m▒&amp#27;[0m&amp#27;[32m▓&amp#27;[0m&amp#27;[32m▓&amp#27;[0m&amp#27;[32m▓&amp#27;[0m&amp#27;[32m▓&amp#27;[0m&amp#27;[32m▓&amp#27;[0m&amp#27;[32m▓&amp#27;[0m&amp#27;[32m▓&amp#27;[0m&amp#27;[32m▓&amp#27;[0m&amp#27;[32m▓&amp#27;[0m&amp#27;[32m▓&amp#27;[0m&amp#27;[32m▓&amp#27;[0m&amp#27;[32m▓&amp#27;[0m&amp#27;[32m▓&amp#27;[0m&amp#27;[33m▓&amp#27;[0m&amp#27;[32m▒&amp#27;[0m&amp#27;[32m▓&amp#27;[0m&amp#27;[32m▓&amp#27;[0m&amp#27;[32m▓&amp#27;[0m&amp#27;[32m░&amp#27;[0m&amp#27;[33m▓&amp#27;[0m&amp#27;[32m░&amp#27;[0m&amp#27;[32m░&amp#27;[0m&amp#27;[32m▓&amp#27;[0m&amp#27;[32m░&amp#27;[0m&amp#27;[32m░&amp#27;[0m&amp#27;[32m░&amp#27;[0m&amp#27;[32m░&amp#27;[0m&amp#27;[34m▓&amp#27;[0m&amp#27;[34m▓&amp#27;[0m&amp#27;[34m▓&amp#27;[0m&amp#27;[34m▓&amp#27;[0m&amp#27;[34m▓&amp#27;[0m&amp#27;[34m▓&amp#27;[0m&amp#27;[34m▓&amp#27;[0m&amp#27;[34m▓&amp#27;[0m&amp#27;[32m▒&amp#27;[0m&amp#27;[34m▓&amp#27;[0m&amp#27;[34m▓&amp#27;[0m&amp#27;[34m▓&amp#27;[0m&amp#27;[32m▓&amp#27;[0m&amp#27;[32m░&amp#27;[0m&amp#27;[34m▓&amp#27;[0m&amp#27;[34m▓&amp#27;[0m&amp#27;[33m▓&amp#27;[0m&amp#27;[34m▓&amp#27;[0m&amp#27;[32m░&amp#27;[0m&amp#27;[32m█&amp#27;[0m&amp#27;[32m█&amp#27;[0m&amp#27;[32m█&amp#27;[0m&amp#27;[34m▓&amp#27;[0m&amp#27;[32m░&amp#27;[0m&amp#27;[34m▓&amp#27;[0m&amp#27;[34m▓&amp#27;[0m&amp#27;[34m▓&amp#27;[0m&amp#27;[34m▓&amp#27;[0m&amp#27;[34m▓&amp#27;[0m&amp#27;[34m▓&amp#27;[0m&amp#27;[34m▓&amp#27;[0m&amp#27;[34m▓&amp#27;[0m&amp#27;[34m▓&amp#27;[0m&amp#27;[34m▓&amp#27;[0m&amp#27;[34m▓&amp#27;[0m&amp#27;[32m░&amp#27;[0m&amp#27;[34m▓&amp#27;[0m&amp#27;[34m▓&amp#27;[0m&amp#27;[32m█&amp#27;[0m&amp#27;[32m█&amp#27;[0m&amp#27;[32m█&amp#27;[0m&amp#27;[32m█&amp#27;[0m&amp#27;[32m█&amp#27;[0m&amp#27;[32m█&amp#27;[0m&amp#27;[32m█&amp#27;[0m&amp#27;[32m█&amp#27;[0m&amp#27;[32m█&amp#27;[0m&amp#27;[32m█&amp#27;[0m&amp#27;[32m█&amp#27;[0m&amp#27;[32m░&amp#27;[0m&amp#27;[32m░&amp#27;[0m&amp#27;[32m░&amp#27;[0m&amp#27;[32m░&amp#27;[0m&amp#27;[32m░&amp#27;[0m&amp#27;[32m░&amp#27;[0m&amp#27;[32m░&amp#27;[0m&amp#27;[32m░&amp#27;[0m&amp#27;[32m░&amp#27;[0m&amp#27;[32m░&amp#27;[0m

]]></system-out>
  </testcase>
</testsuite>